Log file open, 10/11/21 17:53:52
LogWindows: Failed to load 'aqProf.dll' (GetLastError=126)
LogWindows: File 'aqProf.dll' does not exist
LogWindows: Failed to load 'VtuneApi.dll' (GetLastError=126)
LogWindows: File 'VtuneApi.dll' does not exist
LogWindows: Failed to load 'VtuneApi32e.dll' (GetLastError=126)
LogWindows: File 'VtuneApi32e.dll' does not exist
LogConsoleResponse: Display: Failed to find resolution value strings in scalability ini. Falling back to default.
LogConsoleResponse: Display: Failed to find resolution value strings in scalability ini. Falling back to default.
LogInit: Display: Running engine for game: containment
LogPlatformFile: Not using cached read wrapper
LogTaskGraph: Started task graph with 5 named threads and 35 total threads with 3 sets of task threads.
LogStats: Stats thread started at 0.231501
LogICUInternationalization: ICU TimeZone Detection - Raw Offset: -8:00, Platform Override: ''
LogInit: Display: Loading text-based GConfig....
LogPluginManager: Mounting plugin MeshPainting
LogPluginManager: Mounting plugin XGEController
LogPluginManager: Mounting plugin Paper2D
LogPluginManager: Mounting plugin AISupport
LogPluginManager: Mounting plugin EnvironmentQueryEditor
LogPluginManager: Mounting plugin LightPropagationVolume
LogPluginManager: Mounting plugin CameraShakePreviewer
LogPluginManager: Mounting plugin LiveLink
LogPluginManager: Mounting plugin OodleNetwork
LogPluginManager: Mounting plugin OodleData
LogPluginManager: Mounting plugin GameplayCameras
LogPluginManager: Mounting plugin AnimationSharing
LogPluginManager: Mounting plugin CLionSourceCodeAccess
LogPluginManager: Mounting plugin KDevelopSourceCodeAccess
LogPluginManager: Mounting plugin CodeLiteSourceCodeAccess
LogPluginManager: Mounting plugin GitSourceControl
LogPluginManager: Mounting plugin NullSourceCodeAccess
LogPluginManager: Mounting plugin PerforceSourceControl
LogPluginManager: Mounting plugin PropertyAccessNode
LogPluginManager: Mounting plugin PluginUtils
LogPluginManager: Mounting plugin PlasticSourceControl
LogPluginManager: Mounting plugin PixWinPlugin
LogPluginManager: Mounting plugin SubversionSourceControl
LogPluginManager: Mounting plugin RiderSourceCodeAccess
LogPluginManager: Mounting plugin TextureFormatOodle
LogPluginManager: Mounting plugin DatasmithContent
LogPluginManager: Mounting plugin UObjectPlugin
LogPluginManager: Mounting plugin VariantManagerContent
LogPluginManager: Mounting plugin AssetManagerEditor
LogPluginManager: Mounting plugin VisualStudioCodeSourceCodeAccess
LogPluginManager: Mounting plugin VisualStudioSourceCodeAccess
LogPluginManager: Mounting plugin CryptoKeys
LogPluginManager: Mounting plugin CurveEditorTools
LogPluginManager: Mounting plugin DataValidation
LogPluginManager: Mounting plugin XCodeSourceCodeAccess
LogPluginManager: Mounting plugin FacialAnimation
LogPluginManager: Mounting plugin GameplayTagsEditor
LogPluginManager: Mounting plugin MacGraphicsSwitching
LogPluginManager: Mounting plugin MaterialAnalyzer
LogPluginManager: Mounting plugin GeometryMode
LogPluginManager: Mounting plugin MobileLauncherProfileWizard
LogPluginManager: Mounting plugin PluginBrowser
LogPluginManager: Mounting plugin SpeedTreeImporter
LogPluginManager: Mounting plugin AlembicImporter
LogPluginManager: Mounting plugin ChaosCloth
LogPluginManager: Mounting plugin BackChannel
LogPluginManager: Mounting plugin ChaosNiagara
LogPluginManager: Mounting plugin ChaosSolverPlugin
LogPluginManager: Mounting plugin CharacterAI
LogPluginManager: Mounting plugin ChaosEditor
LogPluginManager: Mounting plugin AutomationUtils
LogPluginManager: Mounting plugin ChaosClothEditor
LogPluginManager: Mounting plugin GeometryCache
LogPluginManager: Mounting plugin AndroidMedia
LogPluginManager: Mounting plugin GeometryCollectionPlugin
LogPluginManager: Mounting plugin AvfMedia
LogPluginManager: Mounting plugin ImgMedia
LogPluginManager: Mounting plugin Niagara
LogPluginManager: Mounting plugin MediaPlayerEditor
LogPluginManager: Mounting plugin MediaCompositing
LogPluginManager: Mounting plugin WmfMedia
LogPluginManager: Mounting plugin WebMMedia
LogPluginManager: Mounting plugin LuminPlatformFeatures
LogPluginManager: Mounting plugin MagicLeap
LogPluginManager: Mounting plugin GeometryProcessing
LogPluginManager: Mounting plugin MagicLeapLightEstimation
LogPluginManager: Mounting plugin MagicLeapMedia
LogPluginManager: Mounting plugin MagicLeapPassableWorld
LogPluginManager: Mounting plugin MLSDK
LogPluginManager: Mounting plugin MotoSynth
LogPluginManager: Mounting plugin OpenImageDenoise
LogPluginManager: Mounting plugin PlanarCut
LogPluginManager: Mounting plugin ProxyLODPlugin
LogPluginManager: Mounting plugin PlatformCrypto
LogPluginManager: Mounting plugin PythonScriptPlugin
LogPluginManager: Mounting plugin SkeletalReduction
LogPluginManager: Mounting plugin ActorSequence
LogPluginManager: Mounting plugin UdpMessaging
LogPluginManager: Mounting plugin LevelSequenceEditor
LogPluginManager: Mounting plugin MatineeToLevelSequence
LogPluginManager: Mounting plugin TcpMessaging
LogPluginManager: Mounting plugin TemplateSequence
LogPluginManager: Mounting plugin LauncherChunkInstaller
LogPluginManager: Mounting plugin OnlineSubsystem
LogPluginManager: Mounting plugin OnlineSubsystemNull
LogPluginManager: Mounting plugin OnlineSubsystemUtils
LogPluginManager: Mounting plugin ScreenshotTools
LogPluginManager: Mounting plugin ActorLayerUtilities
LogPluginManager: Mounting plugin Takes
LogPluginManager: Mounting plugin AndroidDeviceProfileSelector
LogPluginManager: Mounting plugin AndroidMoviePlayer
LogPluginManager: Mounting plugin AndroidPermission
LogPluginManager: Mounting plugin AppleImageUtils
LogPluginManager: Mounting plugin AppleMoviePlayer
LogPluginManager: Mounting plugin ArchVisCharacter
LogPluginManager: Mounting plugin AudioCapture
LogPluginManager: Mounting plugin AssetTags
LogPluginManager: Mounting plugin AudioSynesthesia
LogPluginManager: Mounting plugin CableComponent
LogPluginManager: Mounting plugin EditableMesh
LogPluginManager: Mounting plugin ExampleDeviceProfileSelector
LogPluginManager: Mounting plugin ChunkDownloader
LogPluginManager: Mounting plugin CustomMeshComponent
LogPluginManager: Mounting plugin GoogleCloudMessaging
LogPluginManager: Mounting plugin GooglePAD
LogPluginManager: Mounting plugin IOSDeviceProfileSelector
LogPluginManager: Mounting plugin LinuxDeviceProfileSelector
LogPluginManager: Mounting plugin MobilePatchingUtils
LogPluginManager: Mounting plugin LocationServicesBPLibrary
LogPluginManager: Mounting plugin OpenXRHandTracking
LogPluginManager: Mounting plugin OpenXR
LogPluginManager: Mounting plugin OpenXREyeTracker
LogPluginManager: Mounting plugin PhysXVehicles
LogPluginManager: Mounting plugin PostSplashScreen
LogPluginManager: Mounting plugin ProceduralMeshComponent
LogPluginManager: Mounting plugin PropertyAccessEditor
LogPluginManager: Mounting plugin SignificanceManager
LogPluginManager: Mounting plugin RuntimePhysXCooking
LogPluginManager: Mounting plugin Synthesis
LogPluginManager: Mounting plugin WebMMoviePlayer
LogPluginManager: Mounting plugin SoundFields
LogPluginManager: Mounting plugin WindowsMoviePlayer
LogPluginManager: Mounting plugin ContentBrowserClassDataSource
LogPluginManager: Mounting plugin ContentBrowserFileDataSource
LogPluginManager: Mounting plugin ContentBrowserAssetDataSource
LogPluginManager: Mounting plugin OnlineSubsystemGooglePlay
LogPluginManager: Mounting plugin OnlineSubsystemIOS
LogPluginManager: Mounting plugin OculusVR
LogPluginManager: Mounting plugin SteamVR
PixWinPlugin: PIX capture plugin failed to initialize! Check that the process is launched from PIX.
LogInit: Using libcurl 7.55.1-DEV
LogInit:  - built for x86_64-pc-win32
LogInit:  - supports SSL with OpenSSL/1.1.1
LogInit:  - supports HTTP deflate (compression) using libz 1.2.8
LogInit:  - other features:
LogInit:      CURL_VERSION_SSL
LogInit:      CURL_VERSION_LIBZ
LogInit:      CURL_VERSION_IPV6
LogInit:      CURL_VERSION_ASYNCHDNS
LogInit:      CURL_VERSION_LARGEFILE
LogInit:      CURL_VERSION_IDN
LogInit:  CurlRequestOptions (configurable via config and command line):
LogInit:  - bVerifyPeer = true  - Libcurl will verify peer certificate
LogInit:  - bUseHttpProxy = false  - Libcurl will NOT use HTTP proxy
LogInit:  - bDontReuseConnections = false  - Libcurl will reuse connections
LogInit:  - MaxHostConnections = 16  - Libcurl will limit the number of connections to a host
LogInit:  - LocalHostAddr = Default
LogInit:  - BufferSize = 65536
LogOnline: OSS: Creating online subsystem instance for: NULL
LogInit: WinSock: version 1.1 (2.2), MaxSocks=32767, MaxUdp=65467
LogOnline: OSS: TryLoadSubsystemAndSetDefault: Loaded subsystem for module [NULL]
LogOculusPluginWrapper: OculusPlugin initialized successfully
LogHMD: Failed initializing OVRPlugin 1.59.0
LogInit: Build: ++UE4+Release-4.27-CL-17155196
LogInit: Engine Version: 4.27.0-17155196+++UE4+Release-4.27
LogInit: Compatible Engine Version: 4.27.0-17155196+++UE4+Release-4.27
LogInit: Net CL: 17155196
LogInit: OS: Windows 10 (Release 2009) (), CPU: Intel(R) Core(TM) i7-9750H CPU @ 2.60GHz, GPU: NVIDIA GeForce RTX 2060
LogInit: Compiled (64-bit): Aug 13 2021 06:13:13
LogInit: Compiled with Visual C++: 19.24.28315.00
LogInit: Build Configuration: Development
LogInit: Branch Name: ++UE4+Release-4.27
LogInit: Command Line:  -EpicPortal -epicusername=Naebr -epicuserid=71c591e64e7649568436164856dcc2ce -epiclocale=en -epicsandboxid=ue
LogInit: Base Directory: C:/Program Files/Epic Games/UE_4.27/Engine/Binaries/Win64/
LogInit: Allocator: TBB
LogInit: Installed Engine Build: 1
LogDevObjectVersion: Number of dev versions registered: 29
LogDevObjectVersion:   Dev-Blueprints (B0D832E4-1F89-4F0D-ACCF-7EB736FD4AA2): 10
LogDevObjectVersion:   Dev-Build (E1C64328-A22C-4D53-A36C-8E866417BD8C): 0
LogDevObjectVersion:   Dev-Core (375EC13C-06E4-48FB-B500-84F0262A717E): 4
LogDevObjectVersion:   Dev-Editor (E4B068ED-F494-42E9-A231-DA0B2E46BB41): 40
LogDevObjectVersion:   Dev-Framework (CFFC743F-43B0-4480-9391-14DF171D2073): 37
LogDevObjectVersion:   Dev-Mobile (B02B49B5-BB20-44E9-A304-32B752E40360): 3
LogDevObjectVersion:   Dev-Networking (A4E4105C-59A1-49B5-A7C5-40C4547EDFEE): 0
LogDevObjectVersion:   Dev-Online (39C831C9-5AE6-47DC-9A44-9C173E1C8E7C): 0
LogDevObjectVersion:   Dev-Physics (78F01B33-EBEA-4F98-B9B4-84EACCB95AA2): 14
LogDevObjectVersion:   Dev-Platform (6631380F-2D4D-43E0-8009-CF276956A95A): 0
LogDevObjectVersion:   Dev-Rendering (12F88B9F-8875-4AFC-A67C-D90C383ABD29): 45
LogDevObjectVersion:   Dev-Sequencer (7B5AE74C-D270-4C10-A958-57980B212A5A): 13
LogDevObjectVersion:   Dev-VR (D7296918-1DD6-4BDD-9DE2-64A83CC13884): 3
LogDevObjectVersion:   Dev-LoadTimes (C2A15278-BFE7-4AFE-6C17-90FF531DF755): 1
LogDevObjectVersion:   Private-Geometry (6EACA3D4-40EC-4CC1-B786-8BED09428FC5): 3
LogDevObjectVersion:   Dev-AnimPhys (29E575DD-E0A3-4627-9D10-D276232CDCEA): 17
LogDevObjectVersion:   Dev-Anim (AF43A65D-7FD3-4947-9873-3E8ED9C1BB05): 15
LogDevObjectVersion:   Dev-ReflectionCapture (6B266CEC-1EC7-4B8F-A30B-E4D90942FC07): 1
LogDevObjectVersion:   Dev-Automation (0DF73D61-A23F-47EA-B727-89E90C41499A): 1
LogDevObjectVersion:   FortniteMain (601D1886-AC64-4F84-AA16-D3DE0DEAC7D6): 47
LogDevObjectVersion:   FortniteRelease (E7086368-6B23-4C58-8439-1B7016265E91): 1
LogDevObjectVersion:   Dev-Enterprise (9DFFBCD6-494F-0158-E221-12823C92A888): 10
LogDevObjectVersion:   Dev-Niagara (F2AED0AC-9AFE-416F-8664-AA7FFA26D6FC): 1
LogDevObjectVersion:   Dev-Destruction (174F1F0B-B4C6-45A5-B13F-2EE8D0FB917D): 10
LogDevObjectVersion:   Dev-Physics-Ext (35F94A83-E258-406C-A318-09F59610247C): 41
LogDevObjectVersion:   Dev-PhysicsMaterial-Chaos (B68FC16E-8B1B-42E2-B453-215C058844FE): 1
LogDevObjectVersion:   Dev-CineCamera (B2E18506-4273-CFC2-A54E-F4BB758BBA07): 1
LogDevObjectVersion:   Dev-VirtualProduction (64F58936-FD1B-42BA-BA96-7289D5D0FA4E): 1
LogDevObjectVersion:   Dev-MediaFramework (6F0ED827-A609-4895-9C91-998D90180EA4): 2
LogInit: Presizing for max 25165824 objects, including 0 objects not considered by GC, pre-allocating 0 bytes for permanent pool.
LogConfig: Applying CVar settings from Section [/Script/Engine.StreamingSettings] File [D:/containment 4.27/Saved/Config/Windows/Engine.ini]
LogConfig: Setting CVar [[s.MinBulkDataSizeForAsyncLoading:131072]]
LogConfig: Setting CVar [[s.AsyncLoadingThreadEnabled:0]]
LogConfig: Setting CVar [[s.EventDrivenLoaderEnabled:1]]
LogConfig: Setting CVar [[s.WarnIfTimeLimitExceeded:0]]
LogConfig: Setting CVar [[s.TimeLimitExceededMultiplier:1.5]]
LogConfig: Setting CVar [[s.TimeLimitExceededMinTime:0.005]]
LogConfig: Setting CVar [[s.UseBackgroundLevelStreaming:1]]
LogConfig: Setting CVar [[s.PriorityAsyncLoadingExtraTime:15.0]]
LogConfig: Setting CVar [[s.LevelStreamingActorsUpdateTimeLimit:5.0]]
LogConfig: Setting CVar [[s.PriorityLevelStreamingActorsUpdateExtraTime:5.0]]
LogConfig: Setting CVar [[s.LevelStreamingComponentsRegistrationGranularity:10]]
LogConfig: Setting CVar [[s.UnregisterComponentsTimeLimit:1.0]]
LogConfig: Setting CVar [[s.LevelStreamingComponentsUnregistrationGranularity:5]]
LogConfig: Setting CVar [[s.FlushStreamingOnExit:1]]
LogInit: Object subsystem initialized
LogConfig: Setting CVar [[con.DebugEarlyDefault:1]]
LogConfig: Setting CVar [[r.setres:1280x720]]
[2021.10.12-00.53.53:311][  0]LogConfig: Setting CVar [[r.VSync:0]]
[2021.10.12-00.53.53:311][  0]LogConfig: Setting CVar [[r.RHICmdBypass:0]]
[2021.10.12-00.53.53:311][  0]LogConfig: Applying CVar settings from Section [/Script/Engine.RendererSettings] File [D:/containment 4.27/Saved/Config/Windows/Engine.ini]
[2021.10.12-00.53.53:311][  0]LogConfig: Setting CVar [[r.GPUCrashDebugging:0]]
[2021.10.12-00.53.53:311][  0]LogConfig: Applying CVar settings from Section [/Script/Engine.RendererOverrideSettings] File [D:/containment 4.27/Saved/Config/Windows/Engine.ini]
[2021.10.12-00.53.53:311][  0]LogConfig: Applying CVar settings from Section [/Script/Engine.StreamingSettings] File [D:/containment 4.27/Saved/Config/Windows/Engine.ini]
[2021.10.12-00.53.53:311][  0]LogConfig: Setting CVar [[s.MinBulkDataSizeForAsyncLoading:131072]]
[2021.10.12-00.53.53:311][  0]LogConfig: Setting CVar [[s.AsyncLoadingThreadEnabled:0]]
[2021.10.12-00.53.53:311][  0]LogConfig: Setting CVar [[s.EventDrivenLoaderEnabled:1]]
[2021.10.12-00.53.53:311][  0]LogConfig: Setting CVar [[s.WarnIfTimeLimitExceeded:0]]
[2021.10.12-00.53.53:311][  0]LogConfig: Setting CVar [[s.TimeLimitExceededMultiplier:1.5]]
[2021.10.12-00.53.53:311][  0]LogConfig: Setting CVar [[s.TimeLimitExceededMinTime:0.005]]
[2021.10.12-00.53.53:311][  0]LogConfig: Setting CVar [[s.UseBackgroundLevelStreaming:1]]
[2021.10.12-00.53.53:311][  0]LogConfig: Setting CVar [[s.PriorityAsyncLoadingExtraTime:15.0]]
[2021.10.12-00.53.53:311][  0]LogConfig: Setting CVar [[s.LevelStreamingActorsUpdateTimeLimit:5.0]]
[2021.10.12-00.53.53:311][  0]LogConfig: Setting CVar [[s.PriorityLevelStreamingActorsUpdateExtraTime:5.0]]
[2021.10.12-00.53.53:311][  0]LogConfig: Setting CVar [[s.LevelStreamingComponentsRegistrationGranularity:10]]
[2021.10.12-00.53.53:311][  0]LogConfig: Setting CVar [[s.UnregisterComponentsTimeLimit:1.0]]
[2021.10.12-00.53.53:311][  0]LogConfig: Setting CVar [[s.LevelStreamingComponentsUnregistrationGranularity:5]]
[2021.10.12-00.53.53:311][  0]LogConfig: Setting CVar [[s.FlushStreamingOnExit:1]]
[2021.10.12-00.53.53:311][  0]LogConfig: Applying CVar settings from Section [/Script/Engine.GarbageCollectionSettings] File [D:/containment 4.27/Saved/Config/Windows/Engine.ini]
[2021.10.12-00.53.53:311][  0]LogConfig: Setting CVar [[gc.MaxObjectsNotConsideredByGC:1]]
[2021.10.12-00.53.53:311][  0]LogConfig: Setting CVar [[gc.SizeOfPermanentObjectPool:0]]
[2021.10.12-00.53.53:311][  0]LogConfig: Setting CVar [[gc.FlushStreamingOnGC:0]]
[2021.10.12-00.53.53:311][  0]LogConfig: Setting CVar [[gc.NumRetriesBeforeForcingGC:10]]
[2021.10.12-00.53.53:311][  0]LogConfig: Setting CVar [[gc.AllowParallelGC:1]]
[2021.10.12-00.53.53:311][  0]LogConfig: Setting CVar [[gc.TimeBetweenPurgingPendingKillObjects:61.1]]
[2021.10.12-00.53.53:311][  0]LogConfig: Setting CVar [[gc.MaxObjectsInEditor:25165824]]
[2021.10.12-00.53.53:311][  0]LogConfig: Setting CVar [[gc.IncrementalBeginDestroyEnabled:1]]
[2021.10.12-00.53.53:311][  0]LogConfig: Setting CVar [[gc.CreateGCClusters:1]]
[2021.10.12-00.53.53:311][  0]LogConfig: Setting CVar [[gc.MinGCClusterSize:5]]
[2021.10.12-00.53.53:311][  0]LogConfig: Setting CVar [[gc.ActorClusteringEnabled:0]]
[2021.10.12-00.53.53:311][  0]LogConfig: Setting CVar [[gc.BlueprintClusteringEnabled:0]]
[2021.10.12-00.53.53:311][  0]LogConfig: Setting CVar [[gc.UseDisregardForGCOnDedicatedServers:0]]
[2021.10.12-00.53.53:311][  0]LogConfig: Setting CVar [[gc.MultithreadedDestructionEnabled:1]]
[2021.10.12-00.53.53:311][  0]LogConfig: Applying CVar settings from Section [/Script/Engine.NetworkSettings] File [D:/containment 4.27/Saved/Config/Windows/Engine.ini]
[2021.10.12-00.53.53:311][  0]LogConfig: Applying CVar settings from Section [/Script/UnrealEd.CookerSettings] File [D:/containment 4.27/Saved/Config/Windows/Engine.ini]
[2021.10.12-00.53.53:316][  0]LogConfig: Applying CVar settings from Section [ViewDistanceQuality@3] File [D:/containment 4.27/Saved/Config/Windows/Scalability.ini]
[2021.10.12-00.53.53:316][  0]LogConfig: Setting CVar [[r.SkeletalMeshLODBias:0]]
[2021.10.12-00.53.53:316][  0]LogConfig: Setting CVar [[r.ViewDistanceScale:1.0]]
[2021.10.12-00.53.53:316][  0]LogConfig: Applying CVar settings from Section [AntiAliasingQuality@3] File [D:/containment 4.27/Saved/Config/Windows/Scalability.ini]
[2021.10.12-00.53.53:316][  0]LogConfig: Setting CVar [[r.PostProcessAAQuality:4]]
[2021.10.12-00.53.53:316][  0]LogConfig: Applying CVar settings from Section [ShadowQuality@3] File [D:/containment 4.27/Saved/Config/Windows/Scalability.ini]
[2021.10.12-00.53.53:316][  0]LogConfig: Setting CVar [[r.LightFunctionQuality:1]]
[2021.10.12-00.53.53:316][  0]LogConfig: Setting CVar [[r.ShadowQuality:5]]
[2021.10.12-00.53.53:316][  0]LogConfig: Setting CVar [[r.Shadow.CSM.MaxCascades:10]]
[2021.10.12-00.53.53:316][  0]LogConfig: Setting CVar [[r.Shadow.MaxResolution:2048]]
[2021.10.12-00.53.53:316][  0]LogConfig: Setting CVar [[r.Shadow.MaxCSMResolution:2048]]
[2021.10.12-00.53.53:316][  0]LogConfig: Setting CVar [[r.Shadow.RadiusThreshold:0.01]]
[2021.10.12-00.53.53:316][  0]LogConfig: Setting CVar [[r.Shadow.DistanceScale:1.0]]
[2021.10.12-00.53.53:316][  0]LogConfig: Setting CVar [[r.Shadow.CSM.TransitionScale:1.0]]
[2021.10.12-00.53.53:317][  0]LogConfig: Setting CVar [[r.Shadow.PreShadowResolutionFactor:1.0]]
[2021.10.12-00.53.53:317][  0]LogConfig: Setting CVar [[r.DistanceFieldShadowing:1]]
[2021.10.12-00.53.53:317][  0]LogConfig: Setting CVar [[r.DistanceFieldAO:1]]
[2021.10.12-00.53.53:317][  0]LogConfig: Setting CVar [[r.AOQuality:2]]
[2021.10.12-00.53.53:317][  0]LogConfig: Setting CVar [[r.VolumetricFog:1]]
[2021.10.12-00.53.53:317][  0]LogConfig: Setting CVar [[r.VolumetricFog.GridPixelSize:8]]
[2021.10.12-00.53.53:317][  0]LogConfig: Setting CVar [[r.VolumetricFog.GridSizeZ:128]]
[2021.10.12-00.53.53:317][  0]LogConfig: Setting CVar [[r.VolumetricFog.HistoryMissSupersampleCount:4]]
[2021.10.12-00.53.53:317][  0]LogConfig: Setting CVar [[r.LightMaxDrawDistanceScale:1]]
[2021.10.12-00.53.53:317][  0]LogConfig: Setting CVar [[r.CapsuleShadows:1]]
[2021.10.12-00.53.53:317][  0]LogConfig: Applying CVar settings from Section [PostProcessQuality@3] File [D:/containment 4.27/Saved/Config/Windows/Scalability.ini]
[2021.10.12-00.53.53:317][  0]LogConfig: Setting CVar [[r.MotionBlurQuality:4]]
[2021.10.12-00.53.53:317][  0]LogConfig: Setting CVar [[r.AmbientOcclusionMipLevelFactor:0.4]]
[2021.10.12-00.53.53:317][  0]LogConfig: Setting CVar [[r.AmbientOcclusionMaxQuality:100]]
[2021.10.12-00.53.53:317][  0]LogConfig: Setting CVar [[r.AmbientOcclusionLevels:-1]]
[2021.10.12-00.53.53:317][  0]LogConfig: Setting CVar [[r.AmbientOcclusionRadiusScale:1.0]]
[2021.10.12-00.53.53:317][  0]LogConfig: Setting CVar [[r.DepthOfFieldQuality:2]]
[2021.10.12-00.53.53:317][  0]LogConfig: Setting CVar [[r.RenderTargetPoolMin:400]]
[2021.10.12-00.53.53:317][  0]LogConfig: Setting CVar [[r.LensFlareQuality:2]]
[2021.10.12-00.53.53:317][  0]LogConfig: Setting CVar [[r.SceneColorFringeQuality:1]]
[2021.10.12-00.53.53:317][  0]LogConfig: Setting CVar [[r.EyeAdaptationQuality:2]]
[2021.10.12-00.53.53:317][  0]LogConfig: Setting CVar [[r.BloomQuality:5]]
[2021.10.12-00.53.53:317][  0]LogConfig: Setting CVar [[r.FastBlurThreshold:100]]
[2021.10.12-00.53.53:317][  0]LogConfig: Setting CVar [[r.Upscale.Quality:3]]
[2021.10.12-00.53.53:317][  0]LogConfig: Setting CVar [[r.Tonemapper.GrainQuantization:1]]
[2021.10.12-00.53.53:317][  0]LogConfig: Setting CVar [[r.LightShaftQuality:1]]
[2021.10.12-00.53.53:317][  0]LogConfig: Setting CVar [[r.Filter.SizeScale:1]]
[2021.10.12-00.53.53:317][  0]LogConfig: Setting CVar [[r.Tonemapper.Quality:5]]
[2021.10.12-00.53.53:317][  0]LogConfig: Setting CVar [[r.DOF.Gather.AccumulatorQuality:1        ; higher gathering accumulator quality]]
[2021.10.12-00.53.53:317][  0]LogConfig: Setting CVar [[r.DOF.Gather.PostfilterMethod:1          ; Median3x3 postfilering method]]
[2021.10.12-00.53.53:317][  0]LogConfig: Setting CVar [[r.DOF.Gather.EnableBokehSettings:0       ; no bokeh simulation when gathering]]
[2021.10.12-00.53.53:317][  0]LogConfig: Setting CVar [[r.DOF.Gather.RingCount:4                 ; medium number of samples when gathering]]
[2021.10.12-00.53.53:317][  0]LogConfig: Setting CVar [[r.DOF.Scatter.ForegroundCompositing:1    ; additive foreground scattering]]
[2021.10.12-00.53.53:317][  0]LogConfig: Setting CVar [[r.DOF.Scatter.BackgroundCompositing:2    ; additive background scattering]]
[2021.10.12-00.53.53:317][  0]LogConfig: Setting CVar [[r.DOF.Scatter.EnableBokehSettings:1      ; bokeh simulation when scattering]]
[2021.10.12-00.53.53:317][  0]LogConfig: Setting CVar [[r.DOF.Scatter.MaxSpriteRatio:0.1         ; only a maximum of 10% of scattered bokeh]]
[2021.10.12-00.53.53:317][  0]LogConfig: Setting CVar [[r.DOF.Recombine.Quality:1                ; cheap slight out of focus]]
[2021.10.12-00.53.53:317][  0]LogConfig: Setting CVar [[r.DOF.Recombine.EnableBokehSettings:0    ; no bokeh simulation on slight out of focus]]
[2021.10.12-00.53.53:317][  0]LogConfig: Setting CVar [[r.DOF.TemporalAAQuality:1                ; more stable temporal accumulation]]
[2021.10.12-00.53.53:317][  0]LogConfig: Setting CVar [[r.DOF.Kernel.MaxForegroundRadius:0.025]]
[2021.10.12-00.53.53:317][  0]LogConfig: Setting CVar [[r.DOF.Kernel.MaxBackgroundRadius:0.025]]
[2021.10.12-00.53.53:317][  0]LogConfig: Applying CVar settings from Section [TextureQuality@3] File [D:/containment 4.27/Saved/Config/Windows/Scalability.ini]
[2021.10.12-00.53.53:317][  0]LogConfig: Setting CVar [[r.Streaming.MipBias:0]]
[2021.10.12-00.53.53:317][  0]LogConfig: Setting CVar [[r.Streaming.AmortizeCPUToGPUCopy:0]]
[2021.10.12-00.53.53:317][  0]LogConfig: Setting CVar [[r.Streaming.MaxNumTexturesToStreamPerFrame:0]]
[2021.10.12-00.53.53:317][  0]LogConfig: Setting CVar [[r.Streaming.Boost:1]]
[2021.10.12-00.53.53:317][  0]LogConfig: Setting CVar [[r.MaxAnisotropy:8]]
[2021.10.12-00.53.53:317][  0]LogConfig: Setting CVar [[r.VT.MaxAnisotropy:8]]
[2021.10.12-00.53.53:317][  0]LogConfig: Setting CVar [[r.Streaming.LimitPoolSizeToVRAM:0]]
[2021.10.12-00.53.53:317][  0]LogConfig: Setting CVar [[r.Streaming.PoolSize:1000]]
[2021.10.12-00.53.53:317][  0]LogConfig: Setting CVar [[r.Streaming.MaxEffectiveScreenSize:0]]
[2021.10.12-00.53.53:317][  0]LogConfig: Applying CVar settings from Section [EffectsQuality@3] File [D:/containment 4.27/Saved/Config/Windows/Scalability.ini]
[2021.10.12-00.53.53:317][  0]LogConfig: Setting CVar [[r.TranslucencyLightingVolumeDim:64]]
[2021.10.12-00.53.53:317][  0]LogConfig: Setting CVar [[r.RefractionQuality:2]]
[2021.10.12-00.53.53:317][  0]LogConfig: Setting CVar [[r.SSR.Quality:3]]
[2021.10.12-00.53.53:317][  0]LogConfig: Setting CVar [[r.SSR.HalfResSceneColor:0]]
[2021.10.12-00.53.53:317][  0]LogConfig: Setting CVar [[r.SceneColorFormat:4]]
[2021.10.12-00.53.53:317][  0]LogConfig: Setting CVar [[r.DetailMode:2]]
[2021.10.12-00.53.53:317][  0]LogConfig: Setting CVar [[r.TranslucencyVolumeBlur:1]]
[2021.10.12-00.53.53:317][  0]LogConfig: Setting CVar [[r.MaterialQualityLevel:1 ; High quality]]
[2021.10.12-00.53.53:317][  0]LogConfig: Setting CVar [[r.AnisotropicMaterials:1]]
[2021.10.12-00.53.53:317][  0]LogConfig: Setting CVar [[r.SSS.Scale:1]]
[2021.10.12-00.53.53:317][  0]LogConfig: Setting CVar [[r.SSS.SampleSet:2]]
[2021.10.12-00.53.53:317][  0]LogConfig: Setting CVar [[r.SSS.Quality:1]]
[2021.10.12-00.53.53:317][  0]LogConfig: Setting CVar [[r.SSS.HalfRes:0]]
[2021.10.12-00.53.53:317][  0]LogConfig: Setting CVar [[r.SSGI.Quality:3]]
[2021.10.12-00.53.53:317][  0]LogConfig: Setting CVar [[r.EmitterSpawnRateScale:1.0]]
[2021.10.12-00.53.53:317][  0]LogConfig: Setting CVar [[r.ParticleLightQuality:2]]
[2021.10.12-00.53.53:317][  0]LogConfig: Setting CVar [[r.SkyAtmosphere.AerialPerspectiveLUT.FastApplyOnOpaque:1 ; Always have FastSkyLUT 1 in this case to avoid wrong sky]]
[2021.10.12-00.53.53:317][  0]LogConfig: Setting CVar [[r.SkyAtmosphere.AerialPerspectiveLUT.SampleCountMaxPerSlice:4]]
[2021.10.12-00.53.53:317][  0]LogConfig: Setting CVar [[r.SkyAtmosphere.AerialPerspectiveLUT.DepthResolution:16.0]]
[2021.10.12-00.53.53:317][  0]LogConfig: Setting CVar [[r.SkyAtmosphere.FastSkyLUT:1]]
[2021.10.12-00.53.53:317][  0]LogConfig: Setting CVar [[r.SkyAtmosphere.FastSkyLUT.SampleCountMin:4.0]]
[2021.10.12-00.53.53:317][  0]LogConfig: Setting CVar [[r.SkyAtmosphere.FastSkyLUT.SampleCountMax:128.0]]
[2021.10.12-00.53.53:317][  0]LogConfig: Setting CVar [[r.SkyAtmosphere.SampleCountMin:4.0]]
[2021.10.12-00.53.53:317][  0]LogConfig: Setting CVar [[r.SkyAtmosphere.SampleCountMax:128.0]]
[2021.10.12-00.53.53:317][  0]LogConfig: Setting CVar [[r.SkyAtmosphere.TransmittanceLUT.UseSmallFormat:0]]
[2021.10.12-00.53.53:317][  0]LogConfig: Setting CVar [[r.SkyAtmosphere.TransmittanceLUT.SampleCount:10.0]]
[2021.10.12-00.53.53:317][  0]LogConfig: Setting CVar [[r.SkyAtmosphere.MultiScatteringLUT.SampleCount:15.0]]
[2021.10.12-00.53.53:317][  0]LogConfig: Setting CVar [[r.SkyLight.RealTimeReflectionCapture:1]]
[2021.10.12-00.53.53:317][  0]LogConfig: Applying CVar settings from Section [FoliageQuality@3] File [D:/containment 4.27/Saved/Config/Windows/Scalability.ini]
[2021.10.12-00.53.53:317][  0]LogConfig: Setting CVar [[foliage.DensityScale:1.0]]
[2021.10.12-00.53.53:317][  0]LogConfig: Setting CVar [[grass.DensityScale:1.0]]
[2021.10.12-00.53.53:317][  0]LogConfig: Applying CVar settings from Section [ShadingQuality@3] File [D:/containment 4.27/Saved/Config/Windows/Scalability.ini]
[2021.10.12-00.53.53:318][  0]LogConfig: Setting CVar [[r.HairStrands.SkyLighting.IntegrationType:2]]
[2021.10.12-00.53.53:318][  0]LogConfig: Setting CVar [[r.HairStrands.SkyAO.SampleCount:4]]
[2021.10.12-00.53.53:318][  0]LogConfig: Setting CVar [[r.HairStrands.Visibility.MSAA.SamplePerPixel:4]]
[2021.10.12-00.53.53:318][  0]LogInit: Selected Device Profile: [Windows]
[2021.10.12-00.53.53:318][  0]LogInit: Applying CVar settings loaded from the selected device profile: [Windows]
[2021.10.12-00.53.53:318][  0]LogHAL: Display: Platform has ~ 16 GB [17095249920 / 17179869184 / 16], which maps to Larger [LargestMinGB=32, LargerMinGB=12, DefaultMinGB=8, SmallerMinGB=6, SmallestMinGB=0)
[2021.10.12-00.53.53:318][  0]LogInit: Going up to parent DeviceProfile []
[2021.10.12-00.53.53:318][  0]LogConfig: Applying CVar settings from Section [ViewDistanceQuality@3] File [D:/containment 4.27/Saved/Config/Windows/Scalability.ini]
[2021.10.12-00.53.53:318][  0]LogConfig: Setting CVar [[r.SkeletalMeshLODBias:0]]
[2021.10.12-00.53.53:318][  0]LogConfig: Setting CVar [[r.ViewDistanceScale:1.0]]
[2021.10.12-00.53.53:318][  0]LogConfig: Applying CVar settings from Section [AntiAliasingQuality@3] File [D:/containment 4.27/Saved/Config/Windows/Scalability.ini]
[2021.10.12-00.53.53:318][  0]LogConfig: Setting CVar [[r.PostProcessAAQuality:4]]
[2021.10.12-00.53.53:318][  0]LogConfig: Applying CVar settings from Section [ShadowQuality@3] File [D:/containment 4.27/Saved/Config/Windows/Scalability.ini]
[2021.10.12-00.53.53:318][  0]LogConfig: Setting CVar [[r.LightFunctionQuality:1]]
[2021.10.12-00.53.53:318][  0]LogConfig: Setting CVar [[r.ShadowQuality:5]]
[2021.10.12-00.53.53:318][  0]LogConfig: Setting CVar [[r.Shadow.CSM.MaxCascades:10]]
[2021.10.12-00.53.53:318][  0]LogConfig: Setting CVar [[r.Shadow.MaxResolution:2048]]
[2021.10.12-00.53.53:318][  0]LogConfig: Setting CVar [[r.Shadow.MaxCSMResolution:2048]]
[2021.10.12-00.53.53:318][  0]LogConfig: Setting CVar [[r.Shadow.RadiusThreshold:0.01]]
[2021.10.12-00.53.53:318][  0]LogConfig: Setting CVar [[r.Shadow.DistanceScale:1.0]]
[2021.10.12-00.53.53:318][  0]LogConfig: Setting CVar [[r.Shadow.CSM.TransitionScale:1.0]]
[2021.10.12-00.53.53:318][  0]LogConfig: Setting CVar [[r.Shadow.PreShadowResolutionFactor:1.0]]
[2021.10.12-00.53.53:318][  0]LogConfig: Setting CVar [[r.DistanceFieldShadowing:1]]
[2021.10.12-00.53.53:318][  0]LogConfig: Setting CVar [[r.DistanceFieldAO:1]]
[2021.10.12-00.53.53:318][  0]LogConfig: Setting CVar [[r.AOQuality:2]]
[2021.10.12-00.53.53:318][  0]LogConfig: Setting CVar [[r.VolumetricFog:1]]
[2021.10.12-00.53.53:318][  0]LogConfig: Setting CVar [[r.VolumetricFog.GridPixelSize:8]]
[2021.10.12-00.53.53:318][  0]LogConfig: Setting CVar [[r.VolumetricFog.GridSizeZ:128]]
[2021.10.12-00.53.53:318][  0]LogConfig: Setting CVar [[r.VolumetricFog.HistoryMissSupersampleCount:4]]
[2021.10.12-00.53.53:318][  0]LogConfig: Setting CVar [[r.LightMaxDrawDistanceScale:1]]
[2021.10.12-00.53.53:318][  0]LogConfig: Setting CVar [[r.CapsuleShadows:1]]
[2021.10.12-00.53.53:318][  0]LogConfig: Applying CVar settings from Section [PostProcessQuality@3] File [D:/containment 4.27/Saved/Config/Windows/Scalability.ini]
[2021.10.12-00.53.53:318][  0]LogConfig: Setting CVar [[r.MotionBlurQuality:4]]
[2021.10.12-00.53.53:318][  0]LogConfig: Setting CVar [[r.AmbientOcclusionMipLevelFactor:0.4]]
[2021.10.12-00.53.53:318][  0]LogConfig: Setting CVar [[r.AmbientOcclusionMaxQuality:100]]
[2021.10.12-00.53.53:318][  0]LogConfig: Setting CVar [[r.AmbientOcclusionLevels:-1]]
[2021.10.12-00.53.53:318][  0]LogConfig: Setting CVar [[r.AmbientOcclusionRadiusScale:1.0]]
[2021.10.12-00.53.53:318][  0]LogConfig: Setting CVar [[r.DepthOfFieldQuality:2]]
[2021.10.12-00.53.53:318][  0]LogConfig: Setting CVar [[r.RenderTargetPoolMin:400]]
[2021.10.12-00.53.53:318][  0]LogConfig: Setting CVar [[r.LensFlareQuality:2]]
[2021.10.12-00.53.53:318][  0]LogConfig: Setting CVar [[r.SceneColorFringeQuality:1]]
[2021.10.12-00.53.53:318][  0]LogConfig: Setting CVar [[r.EyeAdaptationQuality:2]]
[2021.10.12-00.53.53:318][  0]LogConfig: Setting CVar [[r.BloomQuality:5]]
[2021.10.12-00.53.53:318][  0]LogConfig: Setting CVar [[r.FastBlurThreshold:100]]
[2021.10.12-00.53.53:318][  0]LogConfig: Setting CVar [[r.Upscale.Quality:3]]
[2021.10.12-00.53.53:318][  0]LogConfig: Setting CVar [[r.Tonemapper.GrainQuantization:1]]
[2021.10.12-00.53.53:318][  0]LogConfig: Setting CVar [[r.LightShaftQuality:1]]
[2021.10.12-00.53.53:318][  0]LogConfig: Setting CVar [[r.Filter.SizeScale:1]]
[2021.10.12-00.53.53:318][  0]LogConfig: Setting CVar [[r.Tonemapper.Quality:5]]
[2021.10.12-00.53.53:318][  0]LogConfig: Setting CVar [[r.DOF.Gather.AccumulatorQuality:1        ; higher gathering accumulator quality]]
[2021.10.12-00.53.53:318][  0]LogConfig: Setting CVar [[r.DOF.Gather.PostfilterMethod:1          ; Median3x3 postfilering method]]
[2021.10.12-00.53.53:318][  0]LogConfig: Setting CVar [[r.DOF.Gather.EnableBokehSettings:0       ; no bokeh simulation when gathering]]
[2021.10.12-00.53.53:318][  0]LogConfig: Setting CVar [[r.DOF.Gather.RingCount:4                 ; medium number of samples when gathering]]
[2021.10.12-00.53.53:318][  0]LogConfig: Setting CVar [[r.DOF.Scatter.ForegroundCompositing:1    ; additive foreground scattering]]
[2021.10.12-00.53.53:318][  0]LogConfig: Setting CVar [[r.DOF.Scatter.BackgroundCompositing:2    ; additive background scattering]]
[2021.10.12-00.53.53:318][  0]LogConfig: Setting CVar [[r.DOF.Scatter.EnableBokehSettings:1      ; bokeh simulation when scattering]]
[2021.10.12-00.53.53:318][  0]LogConfig: Setting CVar [[r.DOF.Scatter.MaxSpriteRatio:0.1         ; only a maximum of 10% of scattered bokeh]]
[2021.10.12-00.53.53:318][  0]LogConfig: Setting CVar [[r.DOF.Recombine.Quality:1                ; cheap slight out of focus]]
[2021.10.12-00.53.53:318][  0]LogConfig: Setting CVar [[r.DOF.Recombine.EnableBokehSettings:0    ; no bokeh simulation on slight out of focus]]
[2021.10.12-00.53.53:318][  0]LogConfig: Setting CVar [[r.DOF.TemporalAAQuality:1                ; more stable temporal accumulation]]
[2021.10.12-00.53.53:318][  0]LogConfig: Setting CVar [[r.DOF.Kernel.MaxForegroundRadius:0.025]]
[2021.10.12-00.53.53:318][  0]LogConfig: Setting CVar [[r.DOF.Kernel.MaxBackgroundRadius:0.025]]
[2021.10.12-00.53.53:318][  0]LogConfig: Applying CVar settings from Section [TextureQuality@3] File [D:/containment 4.27/Saved/Config/Windows/Scalability.ini]
[2021.10.12-00.53.53:318][  0]LogConfig: Setting CVar [[r.Streaming.MipBias:0]]
[2021.10.12-00.53.53:318][  0]LogConfig: Setting CVar [[r.Streaming.AmortizeCPUToGPUCopy:0]]
[2021.10.12-00.53.53:318][  0]LogConfig: Setting CVar [[r.Streaming.MaxNumTexturesToStreamPerFrame:0]]
[2021.10.12-00.53.53:318][  0]LogConfig: Setting CVar [[r.Streaming.Boost:1]]
[2021.10.12-00.53.53:318][  0]LogConfig: Setting CVar [[r.MaxAnisotropy:8]]
[2021.10.12-00.53.53:318][  0]LogConfig: Setting CVar [[r.VT.MaxAnisotropy:8]]
[2021.10.12-00.53.53:318][  0]LogConfig: Setting CVar [[r.Streaming.LimitPoolSizeToVRAM:0]]
[2021.10.12-00.53.53:318][  0]LogConfig: Setting CVar [[r.Streaming.PoolSize:1000]]
[2021.10.12-00.53.53:318][  0]LogConfig: Setting CVar [[r.Streaming.MaxEffectiveScreenSize:0]]
[2021.10.12-00.53.53:318][  0]LogConfig: Applying CVar settings from Section [EffectsQuality@3] File [D:/containment 4.27/Saved/Config/Windows/Scalability.ini]
[2021.10.12-00.53.53:318][  0]LogConfig: Setting CVar [[r.TranslucencyLightingVolumeDim:64]]
[2021.10.12-00.53.53:318][  0]LogConfig: Setting CVar [[r.RefractionQuality:2]]
[2021.10.12-00.53.53:318][  0]LogConfig: Setting CVar [[r.SSR.Quality:3]]
[2021.10.12-00.53.53:318][  0]LogConfig: Setting CVar [[r.SSR.HalfResSceneColor:0]]
[2021.10.12-00.53.53:318][  0]LogConfig: Setting CVar [[r.SceneColorFormat:4]]
[2021.10.12-00.53.53:319][  0]LogConfig: Setting CVar [[r.DetailMode:2]]
[2021.10.12-00.53.53:319][  0]LogConfig: Setting CVar [[r.TranslucencyVolumeBlur:1]]
[2021.10.12-00.53.53:319][  0]LogConfig: Setting CVar [[r.MaterialQualityLevel:1 ; High quality]]
[2021.10.12-00.53.53:319][  0]LogConfig: Setting CVar [[r.AnisotropicMaterials:1]]
[2021.10.12-00.53.53:319][  0]LogConfig: Setting CVar [[r.SSS.Scale:1]]
[2021.10.12-00.53.53:319][  0]LogConfig: Setting CVar [[r.SSS.SampleSet:2]]
[2021.10.12-00.53.53:319][  0]LogConfig: Setting CVar [[r.SSS.Quality:1]]
[2021.10.12-00.53.53:319][  0]LogConfig: Setting CVar [[r.SSS.HalfRes:0]]
[2021.10.12-00.53.53:319][  0]LogConfig: Setting CVar [[r.SSGI.Quality:3]]
[2021.10.12-00.53.53:319][  0]LogConfig: Setting CVar [[r.EmitterSpawnRateScale:1.0]]
[2021.10.12-00.53.53:319][  0]LogConfig: Setting CVar [[r.ParticleLightQuality:2]]
[2021.10.12-00.53.53:319][  0]LogConfig: Setting CVar [[r.SkyAtmosphere.AerialPerspectiveLUT.FastApplyOnOpaque:1 ; Always have FastSkyLUT 1 in this case to avoid wrong sky]]
[2021.10.12-00.53.53:319][  0]LogConfig: Setting CVar [[r.SkyAtmosphere.AerialPerspectiveLUT.SampleCountMaxPerSlice:4]]
[2021.10.12-00.53.53:319][  0]LogConfig: Setting CVar [[r.SkyAtmosphere.AerialPerspectiveLUT.DepthResolution:16.0]]
[2021.10.12-00.53.53:319][  0]LogConfig: Setting CVar [[r.SkyAtmosphere.FastSkyLUT:1]]
[2021.10.12-00.53.53:319][  0]LogConfig: Setting CVar [[r.SkyAtmosphere.FastSkyLUT.SampleCountMin:4.0]]
[2021.10.12-00.53.53:319][  0]LogConfig: Setting CVar [[r.SkyAtmosphere.FastSkyLUT.SampleCountMax:128.0]]
[2021.10.12-00.53.53:319][  0]LogConfig: Setting CVar [[r.SkyAtmosphere.SampleCountMin:4.0]]
[2021.10.12-00.53.53:319][  0]LogConfig: Setting CVar [[r.SkyAtmosphere.SampleCountMax:128.0]]
[2021.10.12-00.53.53:319][  0]LogConfig: Setting CVar [[r.SkyAtmosphere.TransmittanceLUT.UseSmallFormat:0]]
[2021.10.12-00.53.53:319][  0]LogConfig: Setting CVar [[r.SkyAtmosphere.TransmittanceLUT.SampleCount:10.0]]
[2021.10.12-00.53.53:319][  0]LogConfig: Setting CVar [[r.SkyAtmosphere.MultiScatteringLUT.SampleCount:15.0]]
[2021.10.12-00.53.53:319][  0]LogConfig: Setting CVar [[r.SkyLight.RealTimeReflectionCapture:1]]
[2021.10.12-00.53.53:319][  0]LogConfig: Applying CVar settings from Section [FoliageQuality@3] File [D:/containment 4.27/Saved/Config/Windows/Scalability.ini]
[2021.10.12-00.53.53:319][  0]LogConfig: Setting CVar [[foliage.DensityScale:1.0]]
[2021.10.12-00.53.53:319][  0]LogConfig: Setting CVar [[grass.DensityScale:1.0]]
[2021.10.12-00.53.53:319][  0]LogConfig: Applying CVar settings from Section [ShadingQuality@3] File [D:/containment 4.27/Saved/Config/Windows/Scalability.ini]
[2021.10.12-00.53.53:319][  0]LogConfig: Setting CVar [[r.HairStrands.SkyLighting.IntegrationType:2]]
[2021.10.12-00.53.53:319][  0]LogConfig: Setting CVar [[r.HairStrands.SkyAO.SampleCount:4]]
[2021.10.12-00.53.53:319][  0]LogConfig: Setting CVar [[r.HairStrands.Visibility.MSAA.SamplePerPixel:4]]
[2021.10.12-00.53.53:319][  0]LogConfig: Applying CVar settings from Section [Startup] File [../../../Engine/Config/ConsoleVariables.ini]
[2021.10.12-00.53.53:319][  0]LogConfig: Setting CVar [[net.UseAdaptiveNetUpdateFrequency:0]]
[2021.10.12-00.53.53:319][  0]LogConfig: Setting CVar [[p.chaos.AllowCreatePhysxBodies:1]]
[2021.10.12-00.53.53:319][  0]LogConfig: Setting CVar [[fx.SkipVectorVMBackendOptimizations:1]]
[2021.10.12-00.53.53:319][  0]LogConfig: Applying CVar settings from Section [ConsoleVariables] File [D:/containment 4.27/Saved/Config/Windows/Engine.ini]
[2021.10.12-00.53.53:319][  0]LogConfig: Applying CVar settings from Section [ConsoleVariables] File [D:/containment 4.27/Saved/Config/Windows/Editor.ini]
[2021.10.12-00.53.53:320][  0]LogInit: Computer: LENOBRO
[2021.10.12-00.53.53:320][  0]LogInit: User: naber
[2021.10.12-00.53.53:320][  0]LogInit: CPU Page size=4096, Cores=6
[2021.10.12-00.53.53:320][  0]LogInit: High frequency timer resolution =10.000000 MHz
[2021.10.12-00.53.53:320][  0]LogMemory: Memory total: Physical=15.9GB (16GB approx)
[2021.10.12-00.53.53:320][  0]LogMemory: Platform Memory Stats for Windows
[2021.10.12-00.53.53:320][  0]LogMemory: Process Physical Memory: 144.95 MB used, 144.95 MB peak
[2021.10.12-00.53.53:320][  0]LogMemory: Process Virtual Memory: 121.89 MB used, 121.89 MB peak
[2021.10.12-00.53.53:320][  0]LogMemory: Physical Memory: 9234.59 MB used,  7068.71 MB free, 16303.30 MB total
[2021.10.12-00.53.53:320][  0]LogMemory: Virtual Memory: 134206216.00 MB used,  11514.79 MB free, 134217728.00 MB total
[2021.10.12-00.53.53:324][  0]LogWindows: WindowsPlatformFeatures enabled
[2021.10.12-00.53.53:361][  0]LogInit: Physics initialised using underlying interface: PhysX
[2021.10.12-00.53.53:362][  0]LogInit: Using OS detected language (en-US).
[2021.10.12-00.53.53:362][  0]LogInit: Using OS detected locale (en-US).
[2021.10.12-00.53.53:367][  0]LogTextLocalizationManager: No specific localization for 'en-US' exists, so the 'en' localization will be used.
[2021.10.12-00.53.53:551][  0]LogInit: Setting process to per monitor DPI aware
[2021.10.12-00.53.53:566][  0]LogWindowsTextInputMethodSystem: Display: IME system deactivated.
[2021.10.12-00.53.53:723][  0]LogSlate: New Slate User Created.  User Index 0, Is Virtual User: 0
[2021.10.12-00.53.53:724][  0]LogSlate: Slate User Registered.  User Index 0, Is Virtual User: 0
[2021.10.12-00.53.53:837][  0]LogD3D11RHI: Loaded GFSDK_Aftermath_Lib.x64.dll
[2021.10.12-00.53.53:840][  0]LogHMD: Failed to initialize OpenVR with code 110
[2021.10.12-00.53.53:840][  0]LogD3D11RHI: D3D11 min allowed feature level: 11_0
[2021.10.12-00.53.53:840][  0]LogD3D11RHI: D3D11 max allowed feature level: 11_0
[2021.10.12-00.53.53:840][  0]LogD3D11RHI: D3D11 adapters:
[2021.10.12-00.53.53:952][  0]LogD3D11RHI:    0. 'NVIDIA GeForce RTX 2060' (Feature Level 11_0)
[2021.10.12-00.53.53:952][  0]LogD3D11RHI:       5980/0/8151 MB DedicatedVideo/DedicatedSystem/SharedSystem, Outputs:1, VendorId:0x10de
[2021.10.12-00.53.53:954][  0]LogD3D11RHI:    1. 'Microsoft Basic Render Driver' (Feature Level 11_0)
[2021.10.12-00.53.53:954][  0]LogD3D11RHI:       0/0/8151 MB DedicatedVideo/DedicatedSystem/SharedSystem, Outputs:0, VendorId:0x1414
[2021.10.12-00.53.53:954][  0]LogD3D11RHI: Chosen D3D11 Adapter: 0
[2021.10.12-00.53.53:964][  0]LogD3D11RHI: Creating new Direct3DDevice
[2021.10.12-00.53.53:964][  0]LogD3D11RHI:     GPU DeviceId: 0x1f51 (for the marketing name, search the web for "GPU Device Id")
[2021.10.12-00.53.53:964][  0]LogWindows: EnumDisplayDevices:
[2021.10.12-00.53.53:964][  0]LogWindows:    0. 'NVIDIA GeForce RTX 2060' (P:1 D:1)
[2021.10.12-00.53.53:964][  0]LogWindows:    1. 'NVIDIA GeForce RTX 2060' (P:0 D:0)
[2021.10.12-00.53.53:964][  0]LogWindows:    2. 'NVIDIA GeForce RTX 2060' (P:0 D:0)
[2021.10.12-00.53.53:965][  0]LogWindows:    3. 'NVIDIA GeForce RTX 2060' (P:0 D:0)
[2021.10.12-00.53.53:965][  0]LogWindows: DebugString: FoundDriverCount:4 
[2021.10.12-00.53.53:965][  0]LogD3D11RHI:     Adapter Name: NVIDIA GeForce RTX 2060
[2021.10.12-00.53.53:965][  0]LogD3D11RHI:   Driver Version: 466.47 (internal:27.21.14.6647, unified:466.47)
[2021.10.12-00.53.53:965][  0]LogD3D11RHI:      Driver Date: 5-13-2021
[2021.10.12-00.53.53:965][  0]LogRHI: Texture pool is 4186 MB (70% of 5980 MB)
[2021.10.12-00.53.54:046][  0]LogD3D11RHI: RHI has support for 64 bit atomics
[2021.10.12-00.53.54:046][  0]LogD3D11RHI: Async texture creation enabled
[2021.10.12-00.53.54:046][  0]LogD3D11RHI: Array index from any shader is supported
[2021.10.12-00.53.54:047][  0]LogD3D11RHI: HDR output is supported on display 0 (NvId: 0x80061086).
[2021.10.12-00.53.54:083][  0]LogD3D11RHI: GPU Timing Frequency: 1000.000000 (Debug: 2 1)
[2021.10.12-00.53.54:119][  0]LogRHI: GeForceNow SDK initialized: 1
[2021.10.12-00.53.54:392][  0]LogTargetPlatformManager: Display: Loaded TargetPlatform 'AllDesktop'
[2021.10.12-00.53.54:414][  0]LogTargetPlatformManager: Display: Loaded TargetPlatform 'Android'
[2021.10.12-00.53.54:414][  0]LogTargetPlatformManager: Display: Loaded TargetPlatform 'Android_ASTC'
[2021.10.12-00.53.54:414][  0]LogTargetPlatformManager: Display: Loaded TargetPlatform 'Android_DXT'
[2021.10.12-00.53.54:414][  0]LogTargetPlatformManager: Display: Loaded TargetPlatform 'Android_ETC2'
[2021.10.12-00.53.54:414][  0]LogTargetPlatformManager: Display: Loaded TargetPlatform 'AndroidClient'
[2021.10.12-00.53.54:414][  0]LogTargetPlatformManager: Display: Loaded TargetPlatform 'Android_ASTCClient'
[2021.10.12-00.53.54:414][  0]LogTargetPlatformManager: Display: Loaded TargetPlatform 'Android_DXTClient'
[2021.10.12-00.53.54:414][  0]LogTargetPlatformManager: Display: Loaded TargetPlatform 'Android_ETC2Client'
[2021.10.12-00.53.54:414][  0]LogTargetPlatformManager: Display: Loaded TargetPlatform 'Android_Multi'
[2021.10.12-00.53.54:414][  0]LogTargetPlatformManager: Display: Loaded TargetPlatform 'Android_MultiClient'
[2021.10.12-00.53.54:430][  0]LogTargetPlatformManager: Display: Loaded TargetPlatform 'IOSClient'
[2021.10.12-00.53.54:430][  0]LogTargetPlatformManager: Display: Loaded TargetPlatform 'IOS'
[2021.10.12-00.53.54:440][  0]LogTargetPlatformManager: Display: Loaded TargetPlatform 'Linux'
[2021.10.12-00.53.54:444][  0]LogTargetPlatformManager: Display: Loaded TargetPlatform 'LinuxNoEditor'
[2021.10.12-00.53.54:447][  0]LogTargetPlatformManager: Display: Loaded TargetPlatform 'LinuxClient'
[2021.10.12-00.53.54:451][  0]LogTargetPlatformManager: Display: Loaded TargetPlatform 'LinuxServer'
[2021.10.12-00.53.54:461][  0]LogTargetPlatformManager: Display: Loaded TargetPlatform 'LinuxAArch64NoEditor'
[2021.10.12-00.53.54:464][  0]LogTargetPlatformManager: Display: Loaded TargetPlatform 'LinuxAArch64Client'
[2021.10.12-00.53.54:468][  0]LogTargetPlatformManager: Display: Loaded TargetPlatform 'LinuxAArch64Server'
[2021.10.12-00.53.54:494][  0]LogTargetPlatformManager: Display: Loaded TargetPlatform 'Lumin'
[2021.10.12-00.53.54:494][  0]LogTargetPlatformManager: Display: Loaded TargetPlatform 'LuminClient'
[2021.10.12-00.53.54:502][  0]LogTargetPlatformManager: Display: Loaded TargetPlatform 'MacNoEditor'
[2021.10.12-00.53.54:506][  0]LogTargetPlatformManager: Display: Loaded TargetPlatform 'Mac'
[2021.10.12-00.53.54:509][  0]LogTargetPlatformManager: Display: Loaded TargetPlatform 'MacClient'
[2021.10.12-00.53.54:513][  0]LogTargetPlatformManager: Display: Loaded TargetPlatform 'MacServer'
[2021.10.12-00.53.54:523][  0]LogTargetPlatformManager: Display: Loaded TargetPlatform 'TVOSClient'
[2021.10.12-00.53.54:523][  0]LogTargetPlatformManager: Display: Loaded TargetPlatform 'TVOS'
[2021.10.12-00.53.54:532][  0]LogTargetPlatformManager: Display: Loaded TargetPlatform 'WindowsNoEditor'
[2021.10.12-00.53.54:536][  0]LogTargetPlatformManager: Display: Loaded TargetPlatform 'Windows'
[2021.10.12-00.53.54:540][  0]LogTargetPlatformManager: Display: Loaded TargetPlatform 'WindowsClient'
[2021.10.12-00.53.54:545][  0]LogTargetPlatformManager: Display: Loaded TargetPlatform 'WindowsServer'
[2021.10.12-00.53.54:545][  0]LogTargetPlatformManager: Display: Building Assets For Windows
[2021.10.12-00.53.54:552][  0]LogAudioDebug: Display: Lib vorbis DLL was dynamically loaded.
[2021.10.12-00.53.54:579][  0]LogTextureFormatOodle: Display: Oodle Texture 2.9.0 init RDO Off
[2021.10.12-00.53.54:604][  0]LogRendererCore: Ray tracing is disabled. Reason: r.RayTracing=0.
[2021.10.12-00.53.54:605][  0]LogShaderCompilers: Guid format shader working directory is 26 characters bigger than the processId version (D:/containment 4.27/Intermediate/Shaders/WorkingDirectory/10728/).
[2021.10.12-00.53.54:605][  0]LogShaderCompilers: Cleaned the shader compiler working directory 'C:/Users/elite/AppData/Local/Temp/UnrealShaderWorkingDir/7BEDE848454155C19A073287D11A1985/'.
[2021.10.12-00.53.54:605][  0]LogXGEController: Cannot use XGE Controller as Incredibuild is not installed on this machine.
[2021.10.12-00.53.54:605][  0]LogShaderCompilers: Cannot use XGE Shader Compiler as Incredibuild is not installed on this machine.
[2021.10.12-00.53.54:605][  0]LogShaderCompilers: Display: Using Local Shader Compiler.
[2021.10.12-00.53.55:305][  0]LogDerivedDataCache: Display: Max Cache Size: 512 MB
[2021.10.12-00.53.55:373][  0]LogDerivedDataCache: Loaded boot cache 0.06s 96MB C:/Users/elite/AppData/Local/UnrealEngine/4.27/DerivedDataCache/Boot.ddc.
[2021.10.12-00.53.55:373][  0]LogDerivedDataCache: Display: Loaded Boot cache: C:/Users/elite/AppData/Local/UnrealEngine/4.27/DerivedDataCache/Boot.ddc
[2021.10.12-00.53.55:373][  0]LogDerivedDataCache: FDerivedDataBackendGraph:  Pak pak cache file D:/containment 4.27/DerivedDataCache/DDC.ddp not found, will not use a pak cache.
[2021.10.12-00.53.55:373][  0]LogDerivedDataCache: Unable to find inner node Pak for hierarchical cache Hierarchy.
[2021.10.12-00.53.55:373][  0]LogDerivedDataCache: FDerivedDataBackendGraph:  CompressedPak pak cache file D:/containment 4.27/DerivedDataCache/Compressed.ddp not found, will not use a pak cache.
[2021.10.12-00.53.55:373][  0]LogDerivedDataCache: Unable to find inner node CompressedPak for hierarchical cache Hierarchy.
[2021.10.12-00.53.55:388][  0]LogDerivedDataCache: Display: Pak cache opened for reading ../../../Engine/DerivedDataCache/Compressed.ddp.
[2021.10.12-00.53.55:388][  0]LogDerivedDataCache: FDerivedDataBackendGraph:  EnterprisePak pak cache file ../../../Enterprise/DerivedDataCache/Compressed.ddp not found, will not use a pak cache.
[2021.10.12-00.53.55:388][  0]LogDerivedDataCache: Unable to find inner node EnterprisePak for hierarchical cache Hierarchy.
[2021.10.12-00.53.55:403][  0]LogDerivedDataCache: Speed tests for C:/Users/elite/AppData/Local/UnrealEngine/Common/DerivedDataCache took 0.02 seconds
[2021.10.12-00.53.55:403][  0]LogDerivedDataCache: Display: Performance to C:/Users/elite/AppData/Local/UnrealEngine/Common/DerivedDataCache: Latency=0.03ms. RandomReadSpeed=238.77MBs, RandomWriteSpeed=85.98MBs. Assigned SpeedClass 'Local'
[2021.10.12-00.53.55:404][  0]LogDerivedDataCache: Using Local data cache path C:/Users/elite/AppData/Local/UnrealEngine/Common/DerivedDataCache: Writable
[2021.10.12-00.53.55:404][  0]LogDerivedDataCache: Shared data cache path not found in *engine.ini, will not use an Shared cache.
[2021.10.12-00.53.55:404][  0]LogDerivedDataCache: Unable to find inner node Shared for hierarchical cache Hierarchy.
[2021.10.12-00.53.55:451][  0]LogSlate: Using FreeType 2.10.0
[2021.10.12-00.53.55:451][  0]LogSlate: SlateFontServices - WITH_FREETYPE: 1, WITH_HARFBUZZ: 1
[2021.10.12-00.53.55:477][  0]LogAssetRegistry: FAssetRegistry took 0.0029 seconds to start up
[2021.10.12-00.53.55:754][  0]LogInit: Selected Device Profile: [Windows]
[2021.10.12-00.53.55:754][  0]LogInit: Active device profile: [00000268DBFEED00][00000268D9976C00 49] Windows
[2021.10.12-00.53.55:755][  0]LogInit: Profiles: [00000268DBFEED00][00000268D9976C00 49] Windows, [00000268DBEC6100][00000268D9984D80 49] WindowsNoEditor, [00000268DBFEE100][00000268D9988F00 49] WindowsServer, [00000268DBEC6C00][00000268D998D080 49] WindowsClient, [00000268DBFED600][00000268D9991200 49] IOS, [00000268DBEC5F00][00000268D9995380 49] iPadAir, [00000268DBFEE400][00000268D9999500 49] iPadAir2, [00000268DBE7A200][00000268D9A957C0 49] IPadPro, [00000268DBE7A300][00000268D999D800 49] iPadAir3, [00000268DBEC7000][00000268D9A9F980 49] iPadAir4, [00000268DBE7B100][00000268D9AA3B00 49] iPadMini2, [00000268DBEC6700][00000268D9AA6100 49] iPadMini3, [00000268DBE7BD00][00000268D9AAA280 49] iPadMini4, [00000268DBEC5E00][00000268D9AAE400 49] iPadMini5, [00000268DBEB9B00][00000268D9AB2640 49] iPhone6, [00000268DBEB9C00][00000268D997A680 49] iPodTouch6, [00000268DBFEEC00][00000268D9ABA8C0 49] iPhone7, [00000268DBFEE800][00000268D9AB6900 49] iPodTouch7, [00000268DBE79F00][00000268D9AC2A80 49] iPhone5S, [00000268DBFEC100][00000268D9AC6C00 49] iPhone6Plus, [00000268DBE79A00][00000268D9ACAD80 49] iPhone6S, [00000268DBFEF700][00000268D9ACEF00 49] iPhone6SPlus, [00000268DBE79600][00000268D9AD3080 49] iPhone7Plus, [00000268DBFEF400][00000268D9AD7200 49] iPhoneSE, [00000268DBE79400][00000268D9ADB380 49] iPhone8, [00000268DBFEF300][00000268D9ADF500 49] iPhone8Plus, [00000268DBEB8400][00000268D9AE3680 49] iPhoneX, [00000268DBE78300][00000268D9AE7800 49] iPhoneXS, [00000268DBEB8E00][00000268D9AEB980 49] iPhoneXSMax, [00000268DBE7A700][00000268D9AEFB00 49] iPhoneXR, [00000268DBEB9800][00000268D9AF2100 49] iPhone11, [00000268DBE7AA00][00000268D9AF6280 49] iPhone11Pro, [00000268DBEBBB00][00000268D9AFA400 49] iPhone11ProMax, [00000268DBE78200][00000268D9AFE580 49] iPhoneSE2, [00000268DBEBB600][00000268D9B02700 49] iPhone12Mini, [00000268DBE78900][00000268D9ABE840 49] iPhone12, [00000268DBEBB200][00000268D9B06980 49] iPhone12Pro, [00000268DBE78500][00000268D9B0AAC0 49] iPhone12ProMax, [00000268DBEBB100][00000268BD5E2C40 49] iPadPro105, [00000268DBE78600][00000268BD5E6DC0 49] iPadPro129, [00000268DBFEFD00][00000268BD5EAF40 49] iPadPro97, [00000268DBE78800][00000268BD5EF0C0 49] iPadPro2_129, [00000268DBFEF000][00000268BD5F3240 49] iPad5, [00000268DBE78D00][00000268BD5F73C0 49] iPad6, [00000268DBFEE700][00000268BD5FB540 49] iPad7, [00000268DBE7A800][00000268BD5FF6C0 49] iPad8, [00000268DBFED100][00000268BD603840 49] iPadPro11, [00000268DBE7BB00][00000268BD6079C0 49] iPadPro2_11, [00000268DBFECD00][00000268BD60BB40 49] iPadPro3_129, [00000268DBE7AF00][00000268BD60E140 49] iPadPro4_129, [00000268DBFEC800][00000268DB4EC2C0 49] AppleTV, [00000268DBE79200][00000268DB4F0440 49] AppleTV4K, [00000268DBFED500][00000268DB4F45C0 49] TVOS, [00000268DBE7BA00][00000268DB4F8740 49] Mac, [00000268DBFEC500][00000268DB4FC8C0 49] MacClient, [00000268DBE7B200][00000268D9B0EA00 49] MacNoEditor, [00000268DBFECC00][00000268DB500B40 49] MacServer, [00000268DBE7A000][00000268DB504C80 49] Linux, [00000268DBFECA00][00000268DB508DC0 49] LinuxAArch64, [00000268DBE7A100][00000268DB510F40 49] LinuxNoEditor, [00000268DBFEDD00][00000268DB5150C0 49] LinuxAArch64NoEditor, [00000268DBE78F00][00000268DB519240 49] LinuxClient, [00000268DBFECF00][00000268DB51D3C0 49] LinuxAArch64Client, [00000268DBE7B000][00000268DB521540 49] LinuxServer, [00000268DBFEDF00][00000268DB5256C0 49] LinuxAArch64Server, [00000268DBE78A00][00000268DB529840 49] Android, [00000268DBFEF500][00000268DB52D9C0 49] Android_Low, [00000268DBE79700][00000268DB531B40 49] Android_Mid, [00000268DBFEF200][00000268DB534140 49] Android_High, [00000268DBE79500][00000268DB5382C0 49] Android_Default, [00000268DBFEE000][00000268DB53C440 49] Android_Adreno4xx, [00000268DBE7BC00][00000268DB5405C0 49] Android_Adreno5xx_Low, [00000268DBFEE500][00000268DB544740 49] Android_Adreno5xx, [00000268DBE79300][00000268DB5488C0 49] Android_Adreno6xx, [00000268DBFEF900][00000268DB54CA40 49] Android_Adreno6xx_Vulkan, [00000268DBE78700][00000268DB50CB80 49] Android_Mali_T6xx, [00000268DBFEF100][00000268DB550CC0 49] Android_Mali_T7xx, [00000268DBE7B300][00000268DB554E00 49] Android_Mali_T8xx, [00000268DBFEE900][00000268DB558F40 49] Android_Mali_G71, [00000268DBE78E00][00000268DB5610C0 49] Android_Mali_G72, [00000268DBFED200][00000268DB565240 49] Android_Mali_G72_Vulkan, [00000268DBE7B800][00000268DB5693C0 49] Android_Mali_G76, [00000268DBFED300][00000268DB56D540 49] Android_Mali_G76_Vulkan, [00000268DBE7BF00][00000268DB5716C0 49] Android_Mali_G77, [00000268DBFEDC00][00000268DB575840 49] Android_Mali_G77_Vulkan, [00000268DBEC6000][00000268DAF859C0 49] Android_Mali_G78, [00000268DBEB9600][00000268DAF89B40 49] Android_Mali_G78_Vulkan, [00000268DBEC7F00][00000268DAF8C140 49] Android_Mali_G710, [00000268DBEB8A00][00000268DAF902C0 49] Android_Mali_G710_Vulkan, [00000268DBEC7900][00000268DAF94440 49] Android_Vulkan_SM5, [00000268DBEB8C00][00000268DAF985C0 49] Android_PowerVR_G6xxx, [00000268DBEC7A00][00000268DAF9C740 49] Android_PowerVR_GT7xxx, [00000268DBEB8D00][00000268DAFA08C0 49] Android_PowerVR_GE8xxx, [00000268DBEC6500][00000268DAFA4A40 49] Android_PowerVR_GM9xxx, [00000268DBEBB000][00000268DAFA8BC0 49] Android_PowerVR_GM9xxx_Vulkan, [00000268DBEC6E00][00000268DAFACD40 49] Android_TegraK1, [00000268DBEB8B00][00000268DB55CE80 49] Android_Unknown_Vulkan, [00000268DBEC5B00][00000268DAFB0FC0 49] Lumin, [00000268DBEBA500][00000268DAFB5100 49] Lumin_Desktop, [00000268DBEC6900][00000268DAFBD280 49] HoloLens, 
[2021.10.12-00.53.55:886][  0]LogMeshReduction: Using QuadricMeshReduction for automatic static mesh reduction
[2021.10.12-00.53.55:886][  0]LogMeshReduction: Using SimplygonMeshReduction for automatic skeletal mesh reduction
[2021.10.12-00.53.55:886][  0]LogMeshReduction: Using ProxyLODMeshReduction for automatic mesh merging
[2021.10.12-00.53.55:887][  0]LogMeshReduction: No distributed automatic mesh merging module available
[2021.10.12-00.53.55:887][  0]LogMeshMerging: No distributed automatic mesh merging module available
[2021.10.12-00.53.55:899][  0]LogNetVersion: containment 1.0.0, NetCL: 17155196, EngineNetVer: 17, GameNetVer: 0 (Checksum: 3332133719)
[2021.10.12-00.53.56:262][  0]LogTexture: Default maximum texture size for cubemaps generated from long-lat sources has been changed from 512 to unlimited. In order to preserve old behaiour for '/Engine/MapTemplates/Sky/DaylightAmbientCubemap.DaylightAmbientCubemap', its maximum texture size has been explicitly set to 512.
[2021.10.12-00.53.56:317][  0]LogHMD: PokeAHoleMaterial loaded successfully
[2021.10.12-00.53.56:322][  0]LogUObjectArray: 17178 objects as part of root set at end of initial load.
[2021.10.12-00.53.56:322][  0]LogUObjectAllocator: 4301856 out of 0 bytes used by permanent object pool.
[2021.10.12-00.53.56:322][  0]LogUObjectArray: CloseDisregardForGC: 0/0 objects in disregard for GC pool
[2021.10.12-00.53.56:762][  0]LogNiagaraDebuggerClient: Niagara Debugger Client Initialized | Session: 87FF2EE946A641D10FADF4B6A94325F4 | Instance: 369537CE478BBC64EA808FBAC82A8A78 (LENOBRO-10728).
[2021.10.12-00.53.56:861][  0]LogStreaming: Warning: Failed to read file '../../../Engine/Content/Editor/Slate/Niagara/MenuSeparator.png' error.
[2021.10.12-00.53.56:861][  0]LogSlate: Could not find file for Slate resource: ../../../Engine/Content/Editor/Slate/Niagara/MenuSeparator.png
[2021.10.12-00.53.56:861][  0]LogStreaming: Warning: Failed to read file '../../../Engine/Content/Editor/Slate/Niagara/Common/Selector.png' error.
[2021.10.12-00.53.56:861][  0]LogSlate: Could not find file for Slate resource: ../../../Engine/Content/Editor/Slate/Niagara/Common/Selector.png
[2021.10.12-00.53.56:861][  0]LogStreaming: Warning: Failed to read file '../../../Engine/Content/Editor/Slate/Niagara/Common/Selection.png' error.
[2021.10.12-00.53.56:861][  0]LogSlate: Could not find file for Slate resource: ../../../Engine/Content/Editor/Slate/Niagara/Common/Selection.png
[2021.10.12-00.53.56:861][  0]LogStreaming: Warning: Failed to read file '../../../Engine/Content/Editor/Slate/Niagara/Common/DropZoneIndicator_Above.png' error.
[2021.10.12-00.53.56:861][  0]LogSlate: Could not find file for Slate resource: ../../../Engine/Content/Editor/Slate/Niagara/Common/DropZoneIndicator_Above.png
[2021.10.12-00.53.56:861][  0]LogStreaming: Warning: Failed to read file '../../../Engine/Content/Editor/Slate/Niagara/Common/DropZoneIndicator_Onto.png' error.
[2021.10.12-00.53.56:861][  0]LogSlate: Could not find file for Slate resource: ../../../Engine/Content/Editor/Slate/Niagara/Common/DropZoneIndicator_Onto.png
[2021.10.12-00.53.56:861][  0]LogStreaming: Warning: Failed to read file '../../../Engine/Content/Editor/Slate/Niagara/Common/DropZoneIndicator_Below.png' error.
[2021.10.12-00.53.56:861][  0]LogSlate: Could not find file for Slate resource: ../../../Engine/Content/Editor/Slate/Niagara/Common/DropZoneIndicator_Below.png
[2021.10.12-00.53.56:861][  0]LogStreaming: Warning: Failed to read file '../../../Engine/Content/Editor/Slate/Niagara/Common/RoundedSelection_16x.png' error.
[2021.10.12-00.53.56:861][  0]LogSlate: Could not find file for Slate resource: ../../../Engine/Content/Editor/Slate/Niagara/Common/RoundedSelection_16x.png
[2021.10.12-00.53.56:861][  0]LogStreaming: Warning: Failed to read file '../../../Engine/Content/Editor/Slate/Niagara/Common/FlatButton.png' error.
[2021.10.12-00.53.56:861][  0]LogSlate: Could not find file for Slate resource: ../../../Engine/Content/Editor/Slate/Niagara/Common/FlatButton.png
[2021.10.12-00.53.56:861][  0]LogImageWrapper: Warning: PNG Warning: Duplicate iCCP chunk
[2021.10.12-00.53.56:861][  0]LogImageWrapper: Warning: PNG Warning: Duplicate iCCP chunk
[2021.10.12-00.53.56:861][  0]LogPython: Using Python 3.7.7
[2021.10.12-00.53.57:521][  0]LogUdpMessaging: Initializing bridge on interface 0.0.0.0:0 to multicast group 230.0.0.1:6666.
[2021.10.12-00.53.57:528][  0]LogTcpMessaging: Initializing TcpMessaging bridge
[2021.10.12-00.53.57:605][  0]LogLinker: Warning: Failed to load '/Game/PuzzleBP/Tutorial/Part1-Overview': Can't find file.
[2021.10.12-00.53.57:605][  0]LogLinker: Warning: Failed to load '/Game/PuzzleBP/Tutorial/Part1-Overview': Can't find file.
[2021.10.12-00.53.57:605][  0]LogUObjectGlobals: Warning: Failed to find object 'Class /Game/PuzzleBP/Tutorial/Part1-Overview.Part1-Overview_C'
[2021.10.12-00.53.57:701][  0]SourceControl: Source control is disabled
[2021.10.12-00.53.57:701][  0]SourceControl: Source control is disabled
[2021.10.12-00.53.57:704][  0]SourceControl: Source control is disabled
[2021.10.12-00.53.57:708][  0]SourceControl: Source control is disabled
[2021.10.12-00.53.57:710][  0]SourceControl: Source control is disabled
[2021.10.12-00.53.57:730][  0]LogUProjectInfo: Found projects:
[2021.10.12-00.53.57:959][  0]LogOpenImageDenoise: OIDN starting up
[2021.10.12-00.53.57:973][  0]LogAndroidPermission: UAndroidPermissionCallbackProxy::GetInstance
[2021.10.12-00.53.57:987][  0]LogAudioCaptureCore: Display: No Audio Capture implementations found. Audio input will be silent.
[2021.10.12-00.53.57:987][  0]LogAudioCaptureCore: Display: No Audio Capture implementations found. Audio input will be silent.
[2021.10.12-00.53.58:095][  0]LogCollectionManager: Loaded 0 collections in 0.001558 seconds
[2021.10.12-00.53.58:117][  0]LogFileCache: Scanning file cache for directory 'D:/containment 4.27/Saved/Collections/' took 0.00s
[2021.10.12-00.53.58:117][  0]LogFileCache: Scanning file cache for directory 'D:/containment 4.27/Content/Developers/naber/Collections/' took 0.00s
[2021.10.12-00.53.58:117][  0]LogFileCache: Scanning file cache for directory 'D:/containment 4.27/Content/Collections/' took 0.00s
[2021.10.12-00.53.58:117][  0]LogOcInput: OculusInput pre-init called
[2021.10.12-00.53.58:350][  0]LogStreaming: Warning: Failed to read file '../../../Engine/Content/Editor/Slate/Niagara/MenuSeparator.png' error.
[2021.10.12-00.53.58:350][  0]LogSlate: Could not find file for Slate resource: ../../../Engine/Content/Editor/Slate/Niagara/MenuSeparator.png
[2021.10.12-00.53.58:350][  0]LogStreaming: Warning: Failed to read file '../../../Engine/Content/Editor/Slate/Niagara/Common/Selector.png' error.
[2021.10.12-00.53.58:350][  0]LogSlate: Could not find file for Slate resource: ../../../Engine/Content/Editor/Slate/Niagara/Common/Selector.png
[2021.10.12-00.53.58:350][  0]LogStreaming: Warning: Failed to read file '../../../Engine/Content/Editor/Slate/Niagara/Common/Selection.png' error.
[2021.10.12-00.53.58:350][  0]LogSlate: Could not find file for Slate resource: ../../../Engine/Content/Editor/Slate/Niagara/Common/Selection.png
[2021.10.12-00.53.58:350][  0]LogStreaming: Warning: Failed to read file '../../../Engine/Content/Editor/Slate/Niagara/Common/DropZoneIndicator_Above.png' error.
[2021.10.12-00.53.58:350][  0]LogSlate: Could not find file for Slate resource: ../../../Engine/Content/Editor/Slate/Niagara/Common/DropZoneIndicator_Above.png
[2021.10.12-00.53.58:350][  0]LogStreaming: Warning: Failed to read file '../../../Engine/Content/Editor/Slate/Niagara/Common/DropZoneIndicator_Onto.png' error.
[2021.10.12-00.53.58:350][  0]LogStreaming: Warning: Failed to read file '../../../Engine/Content/Editor/Slate/Niagara/Common/DropZoneIndicator_Below.png' error.
[2021.10.12-00.53.58:350][  0]LogSlate: Could not find file for Slate resource: ../../../Engine/Content/Editor/Slate/Niagara/Common/DropZoneIndicator_Onto.png
[2021.10.12-00.53.58:350][  0]LogSlate: Could not find file for Slate resource: ../../../Engine/Content/Editor/Slate/Niagara/Common/DropZoneIndicator_Below.png
[2021.10.12-00.53.58:350][  0]LogStreaming: Warning: Failed to read file '../../../Engine/Content/Editor/Slate/Niagara/Common/RoundedSelection_16x.png' error.
[2021.10.12-00.53.58:350][  0]LogSlate: Could not find file for Slate resource: ../../../Engine/Content/Editor/Slate/Niagara/Common/RoundedSelection_16x.png
[2021.10.12-00.53.58:350][  0]LogStreaming: Warning: Failed to read file '../../../Engine/Content/Editor/Slate/Niagara/Common/FlatButton.png' error.
[2021.10.12-00.53.58:350][  0]LogSlate: Could not find file for Slate resource: ../../../Engine/Content/Editor/Slate/Niagara/Common/FlatButton.png
[2021.10.12-00.53.58:350][  0]LogImageWrapper: Warning: PNG Warning: Duplicate iCCP chunk
[2021.10.12-00.53.58:350][  0]LogImageWrapper: Warning: PNG Warning: Duplicate iCCP chunk
[2021.10.12-00.53.58:350][  0]LogEngine: Initializing Engine...
[2021.10.12-00.53.58:401][  0]LogHMD: Failed to enumerate extensions. Please check that you have a valid OpenXR runtime installed.
[2021.10.12-00.53.58:401][  0]LogHMD: Failed to initialize OpenVR with code 110
[2021.10.12-00.53.58:402][  0]LogMagicLeap: Warning: VR disabled because ZI is not enabled.  To enable, in the editor, Edit -> Project Settings -> Plugins -> Magic Leap Plugin -> Enable Zero Iteration
[2021.10.12-00.53.58:403][  0]LogStats: UGameplayTagsManager::InitializeManager -  0.000 s
[2021.10.12-00.53.58:504][  0]LogInit: Initializing FReadOnlyCVARCache
[2021.10.12-00.53.58:510][  0]LogAIModule: Creating AISystem for world Untitled
[2021.10.12-00.53.58:530][  0]LogAudio: Display: Initializing Audio Device Manager...
[2021.10.12-00.53.58:534][  0]LogAudio: Display: Loading Default Audio Settings Objects...
[2021.10.12-00.53.58:535][  0]LogAudio: Display: No default SoundConcurrencyObject specified (or failed to load).
[2021.10.12-00.53.58:535][  0]LogAudio: Display: Audio Device Manager Initialized
[2021.10.12-00.53.58:535][  0]LogAudio: Display: Creating Audio Device:                 Id: 1, Scope: Shared, Realtime: True
[2021.10.12-00.53.58:535][  0]LogAudioMixer: Display: Audio Mixer Platform Settings:
[2021.10.12-00.53.58:535][  0]LogAudioMixer: Display: 	Sample Rate:						  48000
[2021.10.12-00.53.58:535][  0]LogAudioMixer: Display: 	Callback Buffer Frame Size Requested: 1024
[2021.10.12-00.53.58:535][  0]LogAudioMixer: Display: 	Callback Buffer Frame Size To Use:	  1024
[2021.10.12-00.53.58:535][  0]LogAudioMixer: Display: 	Number of buffers to queue:			  2
[2021.10.12-00.53.58:535][  0]LogAudioMixer: Display: 	Max Channels (voices):				  32
[2021.10.12-00.53.58:535][  0]LogAudioMixer: Display: 	Number of Async Source Workers:		  0
[2021.10.12-00.53.58:535][  0]LogAudio: Display: AudioDevice MaxSources: 32
[2021.10.12-00.53.58:535][  0]LogAudio: Display: Audio Spatialization Plugin: None (built-in).
[2021.10.12-00.53.58:535][  0]LogAudio: Display: Audio Reverb Plugin: None (built-in).
[2021.10.12-00.53.58:535][  0]LogAudio: Display: Audio Occlusion Plugin: None (built-in).
[2021.10.12-00.53.58:535][  0]LogAudioMixer: Display: Initializing audio mixer.
[2021.10.12-00.53.58:548][  0]LogAudioMixer: Display: 0: FrontLeft
[2021.10.12-00.53.58:548][  0]LogAudioMixer: Display: 1: FrontRight
[2021.10.12-00.53.58:569][  0]LogAudioMixer: Display: Using Audio Device Speakers (Realtek(R) Audio)
[2021.10.12-00.53.58:569][  0]LogAudioMixer: Display: Initializing Sound Submixes...
[2021.10.12-00.53.58:571][  0]LogAudioMixer: Display: Creating Master Submix 'MasterSubmixDefault'
[2021.10.12-00.53.58:571][  0]LogAudioMixer: Display: Creating Master Submix 'MasterReverbSubmixDefault'
[2021.10.12-00.53.58:572][  0]LogAudioMixer: Display: Creating Master Submix 'MasterEQSubmixDefault'
[2021.10.12-00.53.58:572][  0]LogAudioMixer: FMixerPlatformXAudio2::StartAudioStream() called
[2021.10.12-00.53.58:572][  0]LogAudioMixer: Display: Output buffers initialized: Frames=1024, Channels=2, Samples=2048
[2021.10.12-00.53.58:573][  0]LogAudioMixer: Display: Starting AudioMixerPlatformInterface::RunInternal()
[2021.10.12-00.53.58:573][  0]LogAudioMixer: Display: FMixerPlatformXAudio2::SubmitBuffer() called for the first time
[2021.10.12-00.53.58:573][  0]LogInit: FAudioDevice initialized.
[2021.10.12-00.53.58:573][  0]LogAudio: Display: Audio Device (ID: 1) registered with world 'Untitled'.
[2021.10.12-00.53.58:573][  0]LogNetVersion: Set ProjectVersion to 1.0.0.0. Version Checksum will be recalculated on next use.
[2021.10.12-00.53.58:624][  0]LogDerivedDataCache: Saved boot cache 0.05s 96MB C:/Users/elite/AppData/Local/UnrealEngine/4.27/DerivedDataCache/Boot.ddc.
[2021.10.12-00.53.58:625][  0]LogInit: Texture streaming: Enabled
[2021.10.12-00.53.58:635][  0]LogAnalytics: Display: [UEEditor.Rocket.Release] APIServer = https://datarouter.ol.epicgames.com/. AppVersion = 4.27.0-17155196+++UE4+Release-4.27
[2021.10.12-00.53.58:637][  0]LogEngineSessionManager: EngineSessionManager initialized
[2021.10.12-00.53.58:637][  0]LogEditorSessionSummary: Verbose: Initializing EditorSessionSummaryWriter for editor session tracking
[2021.10.12-00.53.58:640][  0]LogEditorSessionSummary: EditorSessionSummaryWriter initialized
[2021.10.12-00.53.58:663][  0]LogInit: Transaction tracking system initialized
[2021.10.12-00.53.58:679][  0]BlueprintLog: New page: Editor Load
[2021.10.12-00.53.58:725][  0]LocalizationService: Localization service is disabled
[2021.10.12-00.53.58:744][  0]TimingProfiler: Initialize
[2021.10.12-00.53.58:744][  0]TimingProfiler: OnSessionChanged
[2021.10.12-00.53.58:744][  0]LoadingProfiler: Initialize
[2021.10.12-00.53.58:744][  0]LoadingProfiler: OnSessionChanged
[2021.10.12-00.53.58:744][  0]NetworkingProfiler: Initialize
[2021.10.12-00.53.58:744][  0]NetworkingProfiler: OnSessionChanged
[2021.10.12-00.53.58:744][  0]MemoryProfiler: Initialize
[2021.10.12-00.53.58:744][  0]MemoryProfiler: OnSessionChanged
[2021.10.12-00.53.59:374][  0]LogCook: Display: CookSettings for Memory: MemoryMaxUsedVirtual 0MiB, MemoryMaxUsedPhysical 16384MiB, MemoryMinFreeVirtual 0MiB, MemoryMinFreePhysical 1024MiB
[2021.10.12-00.53.59:374][  0]LogCook: Display: Mobile HDR setting 1
[2021.10.12-00.53.59:519][  0]LogFileCache: Scanning file cache for directory 'D:/containment 4.27/Content/' took 0.01s
[2021.10.12-00.53.59:704][  0]LogStreaming: Warning: Failed to read file '../../../Engine/Content/Editor/Slate/Niagara/MenuSeparator.png' error.
[2021.10.12-00.53.59:704][  0]LogSlate: Could not find file for Slate resource: ../../../Engine/Content/Editor/Slate/Niagara/MenuSeparator.png
[2021.10.12-00.53.59:704][  0]LogStreaming: Warning: Failed to read file '../../../Engine/Content/Editor/Slate/Niagara/Common/Selector.png' error.
[2021.10.12-00.53.59:704][  0]LogSlate: Could not find file for Slate resource: ../../../Engine/Content/Editor/Slate/Niagara/Common/Selector.png
[2021.10.12-00.53.59:704][  0]LogStreaming: Warning: Failed to read file '../../../Engine/Content/Editor/Slate/Niagara/Common/Selection.png' error.
[2021.10.12-00.53.59:704][  0]LogSlate: Could not find file for Slate resource: ../../../Engine/Content/Editor/Slate/Niagara/Common/Selection.png
[2021.10.12-00.53.59:704][  0]LogStreaming: Warning: Failed to read file '../../../Engine/Content/Editor/Slate/Niagara/Common/DropZoneIndicator_Onto.png' error.
[2021.10.12-00.53.59:704][  0]LogSlate: Could not find file for Slate resource: ../../../Engine/Content/Editor/Slate/Niagara/Common/DropZoneIndicator_Onto.png
[2021.10.12-00.53.59:704][  0]LogStreaming: Warning: Failed to read file '../../../Engine/Content/Editor/Slate/Niagara/Common/DropZoneIndicator_Above.png' error.
[2021.10.12-00.53.59:704][  0]LogSlate: Could not find file for Slate resource: ../../../Engine/Content/Editor/Slate/Niagara/Common/DropZoneIndicator_Above.png
[2021.10.12-00.53.59:704][  0]LogStreaming: Warning: Failed to read file '../../../Engine/Content/Editor/Slate/Niagara/Common/RoundedSelection_16x.png' error.
[2021.10.12-00.53.59:704][  0]LogSlate: Could not find file for Slate resource: ../../../Engine/Content/Editor/Slate/Niagara/Common/RoundedSelection_16x.png
[2021.10.12-00.53.59:704][  0]LogStreaming: Warning: Failed to read file '../../../Engine/Content/Editor/Slate/Niagara/Common/FlatButton.png' error.
[2021.10.12-00.53.59:704][  0]LogStreaming: Warning: Failed to read file '../../../Engine/Content/Editor/Slate/Niagara/Common/DropZoneIndicator_Below.png' error.
[2021.10.12-00.53.59:704][  0]LogSlate: Could not find file for Slate resource: ../../../Engine/Content/Editor/Slate/Niagara/Common/FlatButton.png
[2021.10.12-00.53.59:704][  0]LogSlate: Could not find file for Slate resource: ../../../Engine/Content/Editor/Slate/Niagara/Common/DropZoneIndicator_Below.png
[2021.10.12-00.53.59:704][  0]LogImageWrapper: Warning: PNG Warning: Duplicate iCCP chunk
[2021.10.12-00.53.59:704][  0]LogImageWrapper: Warning: PNG Warning: Duplicate iCCP chunk
[2021.10.12-00.53.59:704][  0]LogInit: Display: Engine is initialized. Leaving FEngineLoop::Init()
[2021.10.12-00.53.59:707][  0]SourceControl: Source control is disabled
[2021.10.12-00.53.59:707][  0]LogUnrealEdMisc: Loading editor; pre map load, took 7.398
[2021.10.12-00.53.59:707][  0]Cmd: MAP LOAD FILE="D:/containment 4.27/Content/TopDownBP/Maps/TopDownExampleMap.umap" TEMPLATE=0 SHOWPROGRESS=1 FEATURELEVEL=3
[2021.10.12-00.53.59:707][  0]LightingResults: New page: Lighting Build
[2021.10.12-00.53.59:708][  0]LogWorld: UWorld::CleanupWorld for Untitled, bSessionEnded=true, bCleanupResources=true
[2021.10.12-00.53.59:708][  0]LogSlate: InvalidateAllWidgets triggered.  All widgets were invalidated
[2021.10.12-00.53.59:708][  0]MapCheck: New page: Map Check
[2021.10.12-00.53.59:708][  0]LightingResults: New page: Lighting Build
[2021.10.12-00.53.59:712][  0]LogAudio: Display: Audio Device unregistered from world 'None'.
[2021.10.12-00.53.59:715][  0]LogUObjectHash: Compacting FUObjectHashTables data took   0.75ms
[2021.10.12-00.54.00:036][  0]LogTexture: Display: Building textures: DeprecatedTextureFA79271141B0C16E0AB806B8FE9AB1E1 (BGRA8, 128X128)
[2021.10.12-00.54.00:045][  0]LogAudio: Display: Audio Device (ID: 1) registered with world 'TopDownExampleMap'.
[2021.10.12-00.54.00:046][  0]LogAIModule: Creating AISystem for world TopDownExampleMap
[2021.10.12-00.54.00:077][  0]LogEditorServer: Finished looking for orphan Actors (0.000 secs)
[2021.10.12-00.54.00:079][  0]LogNavigationDataBuild: Display:    Building NavData:  Name Default class /Script/NavigationSystem.RecastNavMesh agent radius 35.0.
[2021.10.12-00.54.00:089][  0]LogUObjectHash: Compacting FUObjectHashTables data took   0.91ms
[2021.10.12-00.54.00:089][  0]Cmd: MAP CHECKDEP NOCLEARLOG
[2021.10.12-00.54.00:089][  0]MapCheck: Map check complete: 0 Error(s), 0 Warning(s), took 0.113ms to complete.
[2021.10.12-00.54.00:089][  0]LogFileHelpers: Loading map 'TopDownExampleMap' took 0.383
[2021.10.12-00.54.00:091][  0]LogUnrealEdMisc: Total Editor Startup Time, took 7.783
[2021.10.12-00.54.00:263][  0]LogSlate: Updating window title bar state: overlay mode, drag disabled, window buttons hidden, title bar hidden
[2021.10.12-00.54.00:271][  0]LogSlate: Updating window title bar state: overlay mode, drag disabled, window buttons hidden, title bar hidden
[2021.10.12-00.54.00:276][  0]LogSlate: Updating window title bar state: overlay mode, drag disabled, window buttons hidden, title bar hidden
[2021.10.12-00.54.00:282][  0]LogSlate: Updating window title bar state: overlay mode, drag disabled, window buttons hidden, title bar hidden
[2021.10.12-00.54.00:335][  0]LogNativeClassHierarchy: Verbose: Native class hierarchy populated in 0.0087 seconds. Added 3822 classes and 928 folders.
[2021.10.12-00.54.00:362][  0]LogNativeClassHierarchy: Verbose: Native class hierarchy updated for 'WidgetCarousel' in 0.0002 seconds. Added 0 classes and 0 folders.
[2021.10.12-00.54.00:369][  0]LogPakFile: PakFile PrimaryIndexSize=187
[2021.10.12-00.54.00:369][  0]LogPakFile: PakFile PathHashIndexSize=101
[2021.10.12-00.54.00:369][  0]LogPakFile: PakFile FullDirectoryIndexSize=148
[2021.10.12-00.54.00:370][  0]LogShaderLibrary: Display: ShaderCodeLibraryPakFileMountedCallback: PakFile 'C:/Program Files/Epic Games/UE_4.27/FeaturePacks/FP_FirstPerson.upack' (chunk index -1, root 'root:/') mounted
[2021.10.12-00.54.00:370][  0]LogShaderLibrary: Display: ShaderCodeLibraryPakFileMountedCallback: pending pak file info (ChunkID:-1 Root:root:/ File:C:/Program Files/Epic Games/UE_4.27/FeaturePacks/FP_FirstPerson.upack)
[2021.10.12-00.54.00:371][  0]LogPakFile: OnPakFileMounted2Time == 0.001700
[2021.10.12-00.54.00:374][  0]LogPakFile: PakFile PrimaryIndexSize=189
[2021.10.12-00.54.00:374][  0]LogPakFile: PakFile PathHashIndexSize=101
[2021.10.12-00.54.00:374][  0]LogPakFile: PakFile FullDirectoryIndexSize=152
[2021.10.12-00.54.00:374][  0]LogShaderLibrary: Display: ShaderCodeLibraryPakFileMountedCallback: PakFile 'C:/Program Files/Epic Games/UE_4.27/FeaturePacks/FP_FirstPersonBP.upack' (chunk index -1, root 'root:/') mounted
[2021.10.12-00.54.00:374][  0]LogShaderLibrary: Display: ShaderCodeLibraryPakFileMountedCallback: pending pak file info (ChunkID:-1 Root:root:/ File:C:/Program Files/Epic Games/UE_4.27/FeaturePacks/FP_FirstPersonBP.upack)
[2021.10.12-00.54.00:374][  0]LogPakFile: OnPakFileMounted2Time == 0.000039
[2021.10.12-00.54.00:374][  0]LogPakFile: PakFile PrimaryIndexSize=191
[2021.10.12-00.54.00:374][  0]LogPakFile: PakFile PathHashIndexSize=101
[2021.10.12-00.54.00:374][  0]LogPakFile: PakFile FullDirectoryIndexSize=160
[2021.10.12-00.54.00:374][  0]LogShaderLibrary: Display: ShaderCodeLibraryPakFileMountedCallback: PakFile 'C:/Program Files/Epic Games/UE_4.27/FeaturePacks/MobileStarterContent.upack' (chunk index -1, root 'root:/') mounted
[2021.10.12-00.54.00:374][  0]LogShaderLibrary: Display: ShaderCodeLibraryPakFileMountedCallback: pending pak file info (ChunkID:-1 Root:root:/ File:C:/Program Files/Epic Games/UE_4.27/FeaturePacks/MobileStarterContent.upack)
[2021.10.12-00.54.00:374][  0]LogPakFile: OnPakFileMounted2Time == 0.000034
[2021.10.12-00.54.00:375][  0]LogPakFile: PakFile PrimaryIndexSize=185
[2021.10.12-00.54.00:375][  0]LogPakFile: PakFile PathHashIndexSize=101
[2021.10.12-00.54.00:375][  0]LogPakFile: PakFile FullDirectoryIndexSize=148
[2021.10.12-00.54.00:375][  0]LogShaderLibrary: Display: ShaderCodeLibraryPakFileMountedCallback: PakFile 'C:/Program Files/Epic Games/UE_4.27/FeaturePacks/StarterContent.upack' (chunk index -1, root 'root:/') mounted
[2021.10.12-00.54.00:375][  0]LogShaderLibrary: Display: ShaderCodeLibraryPakFileMountedCallback: pending pak file info (ChunkID:-1 Root:root:/ File:C:/Program Files/Epic Games/UE_4.27/FeaturePacks/StarterContent.upack)
[2021.10.12-00.54.00:375][  0]LogPakFile: OnPakFileMounted2Time == 0.000035
[2021.10.12-00.54.00:376][  0]LogPakFile: PakFile PrimaryIndexSize=190
[2021.10.12-00.54.00:376][  0]LogPakFile: PakFile PathHashIndexSize=101
[2021.10.12-00.54.00:376][  0]LogPakFile: PakFile FullDirectoryIndexSize=154
[2021.10.12-00.54.00:376][  0]LogShaderLibrary: Display: ShaderCodeLibraryPakFileMountedCallback: PakFile 'C:/Program Files/Epic Games/UE_4.27/FeaturePacks/TP_2DSideScroller.upack' (chunk index -1, root 'root:/') mounted
[2021.10.12-00.54.00:376][  0]LogShaderLibrary: Display: ShaderCodeLibraryPakFileMountedCallback: pending pak file info (ChunkID:-1 Root:root:/ File:C:/Program Files/Epic Games/UE_4.27/FeaturePacks/TP_2DSideScroller.upack)
[2021.10.12-00.54.00:376][  0]LogPakFile: OnPakFileMounted2Time == 0.000033
[2021.10.12-00.54.00:376][  0]LogPakFile: PakFile PrimaryIndexSize=192
[2021.10.12-00.54.00:376][  0]LogPakFile: PakFile PathHashIndexSize=101
[2021.10.12-00.54.00:376][  0]LogPakFile: PakFile FullDirectoryIndexSize=158
[2021.10.12-00.54.00:376][  0]LogShaderLibrary: Display: ShaderCodeLibraryPakFileMountedCallback: PakFile 'C:/Program Files/Epic Games/UE_4.27/FeaturePacks/TP_2DSideScrollerBP.upack' (chunk index -1, root 'root:/') mounted
[2021.10.12-00.54.00:376][  0]LogShaderLibrary: Display: ShaderCodeLibraryPakFileMountedCallback: pending pak file info (ChunkID:-1 Root:root:/ File:C:/Program Files/Epic Games/UE_4.27/FeaturePacks/TP_2DSideScrollerBP.upack)
[2021.10.12-00.54.00:376][  0]LogPakFile: OnPakFileMounted2Time == 0.000033
[2021.10.12-00.54.00:377][  0]LogPakFile: PakFile PrimaryIndexSize=182
[2021.10.12-00.54.00:377][  0]LogPakFile: PakFile PathHashIndexSize=101
[2021.10.12-00.54.00:377][  0]LogPakFile: PakFile FullDirectoryIndexSize=138
[2021.10.12-00.54.00:377][  0]LogShaderLibrary: Display: ShaderCodeLibraryPakFileMountedCallback: PakFile 'C:/Program Files/Epic Games/UE_4.27/FeaturePacks/TP_Flying.upack' (chunk index -1, root 'root:/') mounted
[2021.10.12-00.54.00:377][  0]LogShaderLibrary: Display: ShaderCodeLibraryPakFileMountedCallback: pending pak file info (ChunkID:-1 Root:root:/ File:C:/Program Files/Epic Games/UE_4.27/FeaturePacks/TP_Flying.upack)
[2021.10.12-00.54.00:377][  0]LogPakFile: OnPakFileMounted2Time == 0.000034
[2021.10.12-00.54.00:378][  0]LogPakFile: PakFile PrimaryIndexSize=184
[2021.10.12-00.54.00:378][  0]LogPakFile: PakFile PathHashIndexSize=101
[2021.10.12-00.54.00:378][  0]LogPakFile: PakFile FullDirectoryIndexSize=142
[2021.10.12-00.54.00:378][  0]LogShaderLibrary: Display: ShaderCodeLibraryPakFileMountedCallback: PakFile 'C:/Program Files/Epic Games/UE_4.27/FeaturePacks/TP_FlyingBP.upack' (chunk index -1, root 'root:/') mounted
[2021.10.12-00.54.00:378][  0]LogShaderLibrary: Display: ShaderCodeLibraryPakFileMountedCallback: pending pak file info (ChunkID:-1 Root:root:/ File:C:/Program Files/Epic Games/UE_4.27/FeaturePacks/TP_FlyingBP.upack)
[2021.10.12-00.54.00:378][  0]LogPakFile: OnPakFileMounted2Time == 0.000033
[2021.10.12-00.54.00:379][  0]LogPakFile: PakFile PrimaryIndexSize=188
[2021.10.12-00.54.00:379][  0]LogPakFile: PakFile PathHashIndexSize=101
[2021.10.12-00.54.00:379][  0]LogPakFile: PakFile FullDirectoryIndexSize=150
[2021.10.12-00.54.00:379][  0]LogShaderLibrary: Display: ShaderCodeLibraryPakFileMountedCallback: PakFile 'C:/Program Files/Epic Games/UE_4.27/FeaturePacks/TP_HandheldARBP.upack' (chunk index -1, root 'root:/') mounted
[2021.10.12-00.54.00:379][  0]LogShaderLibrary: Display: ShaderCodeLibraryPakFileMountedCallback: pending pak file info (ChunkID:-1 Root:root:/ File:C:/Program Files/Epic Games/UE_4.27/FeaturePacks/TP_HandheldARBP.upack)
[2021.10.12-00.54.00:379][  0]LogPakFile: OnPakFileMounted2Time == 0.000037
[2021.10.12-00.54.00:379][  0]LogPakFile: PakFile PrimaryIndexSize=182
[2021.10.12-00.54.00:379][  0]LogPakFile: PakFile PathHashIndexSize=101
[2021.10.12-00.54.00:379][  0]LogPakFile: PakFile FullDirectoryIndexSize=138
[2021.10.12-00.54.00:379][  0]LogShaderLibrary: Display: ShaderCodeLibraryPakFileMountedCallback: PakFile 'C:/Program Files/Epic Games/UE_4.27/FeaturePacks/TP_Puzzle.upack' (chunk index -1, root 'root:/') mounted
[2021.10.12-00.54.00:380][  0]LogShaderLibrary: Display: ShaderCodeLibraryPakFileMountedCallback: pending pak file info (ChunkID:-1 Root:root:/ File:C:/Program Files/Epic Games/UE_4.27/FeaturePacks/TP_Puzzle.upack)
[2021.10.12-00.54.00:380][  0]LogPakFile: OnPakFileMounted2Time == 0.000044
[2021.10.12-00.54.00:380][  0]LogPakFile: PakFile PrimaryIndexSize=184
[2021.10.12-00.54.00:380][  0]LogPakFile: PakFile PathHashIndexSize=101
[2021.10.12-00.54.00:380][  0]LogPakFile: PakFile FullDirectoryIndexSize=142
[2021.10.12-00.54.00:380][  0]LogShaderLibrary: Display: ShaderCodeLibraryPakFileMountedCallback: PakFile 'C:/Program Files/Epic Games/UE_4.27/FeaturePacks/TP_PuzzleBP.upack' (chunk index -1, root 'root:/') mounted
[2021.10.12-00.54.00:380][  0]LogShaderLibrary: Display: ShaderCodeLibraryPakFileMountedCallback: pending pak file info (ChunkID:-1 Root:root:/ File:C:/Program Files/Epic Games/UE_4.27/FeaturePacks/TP_PuzzleBP.upack)
[2021.10.12-00.54.00:380][  0]LogPakFile: OnPakFileMounted2Time == 0.000033
[2021.10.12-00.54.00:381][  0]LogPakFile: PakFile PrimaryIndexSize=183
[2021.10.12-00.54.00:381][  0]LogPakFile: PakFile PathHashIndexSize=101
[2021.10.12-00.54.00:381][  0]LogPakFile: PakFile FullDirectoryIndexSize=140
[2021.10.12-00.54.00:381][  0]LogShaderLibrary: Display: ShaderCodeLibraryPakFileMountedCallback: PakFile 'C:/Program Files/Epic Games/UE_4.27/FeaturePacks/TP_Rolling.upack' (chunk index -1, root 'root:/') mounted
[2021.10.12-00.54.00:381][  0]LogShaderLibrary: Display: ShaderCodeLibraryPakFileMountedCallback: pending pak file info (ChunkID:-1 Root:root:/ File:C:/Program Files/Epic Games/UE_4.27/FeaturePacks/TP_Rolling.upack)
[2021.10.12-00.54.00:381][  0]LogPakFile: OnPakFileMounted2Time == 0.000033
[2021.10.12-00.54.00:382][  0]LogPakFile: PakFile PrimaryIndexSize=185
[2021.10.12-00.54.00:382][  0]LogPakFile: PakFile PathHashIndexSize=101
[2021.10.12-00.54.00:382][  0]LogPakFile: PakFile FullDirectoryIndexSize=144
[2021.10.12-00.54.00:382][  0]LogShaderLibrary: Display: ShaderCodeLibraryPakFileMountedCallback: PakFile 'C:/Program Files/Epic Games/UE_4.27/FeaturePacks/TP_RollingBP.upack' (chunk index -1, root 'root:/') mounted
[2021.10.12-00.54.00:382][  0]LogShaderLibrary: Display: ShaderCodeLibraryPakFileMountedCallback: pending pak file info (ChunkID:-1 Root:root:/ File:C:/Program Files/Epic Games/UE_4.27/FeaturePacks/TP_RollingBP.upack)
[2021.10.12-00.54.00:382][  0]LogPakFile: OnPakFileMounted2Time == 0.000039
[2021.10.12-00.54.00:382][  0]LogPakFile: PakFile PrimaryIndexSize=188
[2021.10.12-00.54.00:382][  0]LogPakFile: PakFile PathHashIndexSize=101
[2021.10.12-00.54.00:382][  0]LogPakFile: PakFile FullDirectoryIndexSize=150
[2021.10.12-00.54.00:382][  0]LogShaderLibrary: Display: ShaderCodeLibraryPakFileMountedCallback: PakFile 'C:/Program Files/Epic Games/UE_4.27/FeaturePacks/TP_SideScroller.upack' (chunk index -1, root 'root:/') mounted
[2021.10.12-00.54.00:382][  0]LogShaderLibrary: Display: ShaderCodeLibraryPakFileMountedCallback: pending pak file info (ChunkID:-1 Root:root:/ File:C:/Program Files/Epic Games/UE_4.27/FeaturePacks/TP_SideScroller.upack)
[2021.10.12-00.54.00:382][  0]LogPakFile: OnPakFileMounted2Time == 0.000036
[2021.10.12-00.54.00:383][  0]LogPakFile: PakFile PrimaryIndexSize=190
[2021.10.12-00.54.00:383][  0]LogPakFile: PakFile PathHashIndexSize=101
[2021.10.12-00.54.00:383][  0]LogPakFile: PakFile FullDirectoryIndexSize=154
[2021.10.12-00.54.00:383][  0]LogShaderLibrary: Display: ShaderCodeLibraryPakFileMountedCallback: PakFile 'C:/Program Files/Epic Games/UE_4.27/FeaturePacks/TP_SideScrollerBP.upack' (chunk index -1, root 'root:/') mounted
[2021.10.12-00.54.00:383][  0]LogShaderLibrary: Display: ShaderCodeLibraryPakFileMountedCallback: pending pak file info (ChunkID:-1 Root:root:/ File:C:/Program Files/Epic Games/UE_4.27/FeaturePacks/TP_SideScrollerBP.upack)
[2021.10.12-00.54.00:383][  0]LogPakFile: OnPakFileMounted2Time == 0.000034
[2021.10.12-00.54.00:384][  0]LogPakFile: PakFile PrimaryIndexSize=187
[2021.10.12-00.54.00:384][  0]LogPakFile: PakFile PathHashIndexSize=101
[2021.10.12-00.54.00:384][  0]LogPakFile: PakFile FullDirectoryIndexSize=148
[2021.10.12-00.54.00:384][  0]LogShaderLibrary: Display: ShaderCodeLibraryPakFileMountedCallback: PakFile 'C:/Program Files/Epic Games/UE_4.27/FeaturePacks/TP_ThirdPerson.upack' (chunk index -1, root 'root:/') mounted
[2021.10.12-00.54.00:384][  0]LogShaderLibrary: Display: ShaderCodeLibraryPakFileMountedCallback: pending pak file info (ChunkID:-1 Root:root:/ File:C:/Program Files/Epic Games/UE_4.27/FeaturePacks/TP_ThirdPerson.upack)
[2021.10.12-00.54.00:384][  0]LogPakFile: OnPakFileMounted2Time == 0.000037
[2021.10.12-00.54.00:384][  0]LogPakFile: PakFile PrimaryIndexSize=189
[2021.10.12-00.54.00:384][  0]LogPakFile: PakFile PathHashIndexSize=101
[2021.10.12-00.54.00:385][  0]LogPakFile: PakFile FullDirectoryIndexSize=152
[2021.10.12-00.54.00:385][  0]LogShaderLibrary: Display: ShaderCodeLibraryPakFileMountedCallback: PakFile 'C:/Program Files/Epic Games/UE_4.27/FeaturePacks/TP_ThirdPersonBP.upack' (chunk index -1, root 'root:/') mounted
[2021.10.12-00.54.00:385][  0]LogShaderLibrary: Display: ShaderCodeLibraryPakFileMountedCallback: pending pak file info (ChunkID:-1 Root:root:/ File:C:/Program Files/Epic Games/UE_4.27/FeaturePacks/TP_ThirdPersonBP.upack)
[2021.10.12-00.54.00:385][  0]LogPakFile: OnPakFileMounted2Time == 0.000034
[2021.10.12-00.54.00:385][  0]LogPakFile: PakFile PrimaryIndexSize=183
[2021.10.12-00.54.00:385][  0]LogPakFile: PakFile PathHashIndexSize=101
[2021.10.12-00.54.00:385][  0]LogPakFile: PakFile FullDirectoryIndexSize=140
[2021.10.12-00.54.00:385][  0]LogShaderLibrary: Display: ShaderCodeLibraryPakFileMountedCallback: PakFile 'C:/Program Files/Epic Games/UE_4.27/FeaturePacks/TP_TopDown.upack' (chunk index -1, root 'root:/') mounted
[2021.10.12-00.54.00:385][  0]LogShaderLibrary: Display: ShaderCodeLibraryPakFileMountedCallback: pending pak file info (ChunkID:-1 Root:root:/ File:C:/Program Files/Epic Games/UE_4.27/FeaturePacks/TP_TopDown.upack)
[2021.10.12-00.54.00:385][  0]LogPakFile: OnPakFileMounted2Time == 0.000040
[2021.10.12-00.54.00:386][  0]LogPakFile: PakFile PrimaryIndexSize=185
[2021.10.12-00.54.00:386][  0]LogPakFile: PakFile PathHashIndexSize=101
[2021.10.12-00.54.00:386][  0]LogPakFile: PakFile FullDirectoryIndexSize=144
[2021.10.12-00.54.00:386][  0]LogShaderLibrary: Display: ShaderCodeLibraryPakFileMountedCallback: PakFile 'C:/Program Files/Epic Games/UE_4.27/FeaturePacks/TP_TopDownBP.upack' (chunk index -1, root 'root:/') mounted
[2021.10.12-00.54.00:386][  0]LogShaderLibrary: Display: ShaderCodeLibraryPakFileMountedCallback: pending pak file info (ChunkID:-1 Root:root:/ File:C:/Program Files/Epic Games/UE_4.27/FeaturePacks/TP_TopDownBP.upack)
[2021.10.12-00.54.00:386][  0]LogPakFile: OnPakFileMounted2Time == 0.000033
[2021.10.12-00.54.00:387][  0]LogPakFile: PakFile PrimaryIndexSize=185
[2021.10.12-00.54.00:387][  0]LogPakFile: PakFile PathHashIndexSize=101
[2021.10.12-00.54.00:387][  0]LogPakFile: PakFile FullDirectoryIndexSize=144
[2021.10.12-00.54.00:387][  0]LogShaderLibrary: Display: ShaderCodeLibraryPakFileMountedCallback: PakFile 'C:/Program Files/Epic Games/UE_4.27/FeaturePacks/TP_TwinStick.upack' (chunk index -1, root 'root:/') mounted
[2021.10.12-00.54.00:387][  0]LogShaderLibrary: Display: ShaderCodeLibraryPakFileMountedCallback: pending pak file info (ChunkID:-1 Root:root:/ File:C:/Program Files/Epic Games/UE_4.27/FeaturePacks/TP_TwinStick.upack)
[2021.10.12-00.54.00:387][  0]LogPakFile: OnPakFileMounted2Time == 0.000033
[2021.10.12-00.54.00:387][  0]LogPakFile: PakFile PrimaryIndexSize=187
[2021.10.12-00.54.00:387][  0]LogPakFile: PakFile PathHashIndexSize=101
[2021.10.12-00.54.00:387][  0]LogPakFile: PakFile FullDirectoryIndexSize=148
[2021.10.12-00.54.00:387][  0]LogShaderLibrary: Display: ShaderCodeLibraryPakFileMountedCallback: PakFile 'C:/Program Files/Epic Games/UE_4.27/FeaturePacks/TP_TwinStickBP.upack' (chunk index -1, root 'root:/') mounted
[2021.10.12-00.54.00:387][  0]LogShaderLibrary: Display: ShaderCodeLibraryPakFileMountedCallback: pending pak file info (ChunkID:-1 Root:root:/ File:C:/Program Files/Epic Games/UE_4.27/FeaturePacks/TP_TwinStickBP.upack)
[2021.10.12-00.54.00:387][  0]LogPakFile: OnPakFileMounted2Time == 0.000037
[2021.10.12-00.54.00:388][  0]LogPakFile: PakFile PrimaryIndexSize=183
[2021.10.12-00.54.00:388][  0]LogPakFile: PakFile PathHashIndexSize=101
[2021.10.12-00.54.00:388][  0]LogPakFile: PakFile FullDirectoryIndexSize=140
[2021.10.12-00.54.00:388][  0]LogShaderLibrary: Display: ShaderCodeLibraryPakFileMountedCallback: PakFile 'C:/Program Files/Epic Games/UE_4.27/FeaturePacks/TP_Vehicle.upack' (chunk index -1, root 'root:/') mounted
[2021.10.12-00.54.00:388][  0]LogShaderLibrary: Display: ShaderCodeLibraryPakFileMountedCallback: pending pak file info (ChunkID:-1 Root:root:/ File:C:/Program Files/Epic Games/UE_4.27/FeaturePacks/TP_Vehicle.upack)
[2021.10.12-00.54.00:388][  0]LogPakFile: OnPakFileMounted2Time == 0.000033
[2021.10.12-00.54.00:389][  0]LogPakFile: PakFile PrimaryIndexSize=186
[2021.10.12-00.54.00:389][  0]LogPakFile: PakFile PathHashIndexSize=101
[2021.10.12-00.54.00:389][  0]LogPakFile: PakFile FullDirectoryIndexSize=146
[2021.10.12-00.54.00:389][  0]LogShaderLibrary: Display: ShaderCodeLibraryPakFileMountedCallback: PakFile 'C:/Program Files/Epic Games/UE_4.27/FeaturePacks/TP_VehicleAdv.upack' (chunk index -1, root 'root:/') mounted
[2021.10.12-00.54.00:389][  0]LogShaderLibrary: Display: ShaderCodeLibraryPakFileMountedCallback: pending pak file info (ChunkID:-1 Root:root:/ File:C:/Program Files/Epic Games/UE_4.27/FeaturePacks/TP_VehicleAdv.upack)
[2021.10.12-00.54.00:389][  0]LogPakFile: OnPakFileMounted2Time == 0.000034
[2021.10.12-00.54.00:390][  0]LogPakFile: PakFile PrimaryIndexSize=188
[2021.10.12-00.54.00:390][  0]LogPakFile: PakFile PathHashIndexSize=101
[2021.10.12-00.54.00:390][  0]LogPakFile: PakFile FullDirectoryIndexSize=150
[2021.10.12-00.54.00:390][  0]LogShaderLibrary: Display: ShaderCodeLibraryPakFileMountedCallback: PakFile 'C:/Program Files/Epic Games/UE_4.27/FeaturePacks/TP_VehicleAdvBP.upack' (chunk index -1, root 'root:/') mounted
[2021.10.12-00.54.00:390][  0]LogShaderLibrary: Display: ShaderCodeLibraryPakFileMountedCallback: pending pak file info (ChunkID:-1 Root:root:/ File:C:/Program Files/Epic Games/UE_4.27/FeaturePacks/TP_VehicleAdvBP.upack)
[2021.10.12-00.54.00:390][  0]LogPakFile: OnPakFileMounted2Time == 0.000036
[2021.10.12-00.54.00:390][  0]LogPakFile: PakFile PrimaryIndexSize=185
[2021.10.12-00.54.00:390][  0]LogPakFile: PakFile PathHashIndexSize=101
[2021.10.12-00.54.00:390][  0]LogPakFile: PakFile FullDirectoryIndexSize=144
[2021.10.12-00.54.00:390][  0]LogShaderLibrary: Display: ShaderCodeLibraryPakFileMountedCallback: PakFile 'C:/Program Files/Epic Games/UE_4.27/FeaturePacks/TP_VehicleBP.upack' (chunk index -1, root 'root:/') mounted
[2021.10.12-00.54.00:390][  0]LogShaderLibrary: Display: ShaderCodeLibraryPakFileMountedCallback: pending pak file info (ChunkID:-1 Root:root:/ File:C:/Program Files/Epic Games/UE_4.27/FeaturePacks/TP_VehicleBP.upack)
[2021.10.12-00.54.00:390][  0]LogPakFile: OnPakFileMounted2Time == 0.000035
[2021.10.12-00.54.00:391][  0]LogPakFile: PakFile PrimaryIndexSize=192
[2021.10.12-00.54.00:391][  0]LogPakFile: PakFile PathHashIndexSize=101
[2021.10.12-00.54.00:391][  0]LogPakFile: PakFile FullDirectoryIndexSize=158
[2021.10.12-00.54.00:391][  0]LogShaderLibrary: Display: ShaderCodeLibraryPakFileMountedCallback: PakFile 'C:/Program Files/Epic Games/UE_4.27/FeaturePacks/TP_VirtualRealityBP.upack' (chunk index -1, root 'root:/') mounted
[2021.10.12-00.54.00:391][  0]LogShaderLibrary: Display: ShaderCodeLibraryPakFileMountedCallback: pending pak file info (ChunkID:-1 Root:root:/ File:C:/Program Files/Epic Games/UE_4.27/FeaturePacks/TP_VirtualRealityBP.upack)
[2021.10.12-00.54.00:391][  0]LogPakFile: OnPakFileMounted2Time == 0.000034
[2021.10.12-00.54.00:431][  0]LogNativeClassHierarchy: Verbose: Native class hierarchy updated for 'AddContentDialog' in 0.0002 seconds. Added 0 classes and 0 folders.
[2021.10.12-00.54.00:437][  0]LogNativeClassHierarchy: Verbose: Native class hierarchy updated for 'SceneOutliner' in 0.0003 seconds. Added 2 classes and 0 folders.
[2021.10.12-00.54.00:523][  0]LogSlate: Took 0.000128 seconds to synchronously load lazily loaded font '../../../Engine/Content/Slate/Fonts/Roboto-Regular.ttf' (155K)
[2021.10.12-00.54.00:531][  0]LogSlate: Took 0.006140 seconds to synchronously load lazily loaded font '../../../Engine/Content/Editor/Slate/Fonts/FontAwesome.ttf' (139K)
[2021.10.12-00.54.00:534][  0]LogSlate: Took 0.000111 seconds to synchronously load lazily loaded font '../../../Engine/Content/Slate/Fonts/Roboto-Bold.ttf' (160K)
[2021.10.12-00.54.00:621][  0]LogRenderer: Reallocating scene render targets to support 1224x472 Format 10 NumSamples 1 (Frame:1).
[2021.10.12-00.54.01:248][  0]LogSlate: Took 0.000135 seconds to synchronously load lazily loaded font '../../../Engine/Content/Slate/Fonts/Roboto-Light.ttf' (167K)
[2021.10.12-00.54.01:297][  0]LogNativeClassHierarchy: Verbose: Native class hierarchy updated for 'HierarchicalLODOutliner' in 0.0002 seconds. Added 0 classes and 0 folders.
[2021.10.12-00.54.01:297][  0]LogInput: Warning: Action SetDestination uses invalid key OculusGo_Left_Trigger_Click.
[2021.10.12-00.54.01:297][  0]LogInput: Warning: Action ResetVR uses invalid key OculusGo_Left_Back_Click.
[2021.10.12-00.54.01:297][  0]LogInput: Warning: Use -RemoveInvalidKeys to remove instances of these keys from the action mapping.
[2021.10.12-00.54.01:297][  0]LogLoad: (Engine Initialization) Total time: 8.99 seconds
[2021.10.12-00.54.01:297][  0]LogLoad: (Engine Initialization) Total Blueprint compile time: 0.00 seconds
[2021.10.12-00.54.01:352][  0]LogAssetRegistry: Asset discovery search completed in 5.8752 seconds
[2021.10.12-00.54.01:357][  0]LogCollectionManager: Fixed up redirectors for 0 collections in 0.000003 seconds (updated 0 objects)
[2021.10.12-00.54.01:362][  0]LogContentStreaming: Texture pool size now 1000 MB
